2009.01.30 00:37 B C:\Users\milnucleos\Documents\EDITOR DE TEXTO\proyecto hecho\practicas\wysiwyg_beta\PRACTICA\icons\backcolor.gif --> ftp.hourhome.com /hourhome.com/icons backcolor.gif
2009.01.30 00:37 B C:\Users\milnucleos\Documents\EDITOR DE TEXTO\proyecto hecho\practicas\wysiwyg_beta\PRACTICA\icons\backcolor_on.gif --> ftp.hourhome.com /hourhome.com/icons backcolor_on.gif
2009.01.30 00:37 B C:\Users\milnucleos\Documents\EDITOR DE TEXTO\proyecto hecho\practicas\wysiwyg_beta\PRACTICA\icons\background_silver.jpg --> ftp.hourhome.com /hourhome.com/icons background_silver.jpg
2009.01.30 00:37 B C:\Users\milnucleos\Documents\EDITOR DE TEXTO\proyecto hecho\practicas\wysiwyg_beta\PRACTICA\icons\bold.gif --> ftp.hourhome.com /hourhome.com/icons bold.gif
2009.01.30 00:37 B C:\Users\milnucleos\Documents\EDITOR DE TEXTO\proyecto hecho\practicas\wysiwyg_beta\PRACTICA\icons\bold_on.gif --> ftp.hourhome.com /hourhome.com/icons bold_on.gif
2009.01.30 00:37 B C:\Users\milnucleos\Documents\EDITOR DE TEXTO\proyecto hecho\practicas\wysiwyg_beta\PRACTICA\icons\copy.gif --> ftp.hourhome.com /hourhome.com/icons copy.gif
2009.01.30 00:37 B C:\Users\milnucleos\Documents\EDITOR DE TEXTO\proyecto hecho\practicas\wysiwyg_beta\PRACTICA\icons\copy_on.gif --> ftp.hourhome.com /hourhome.com/icons copy_on.gif
2009.01.30 00:37 B C:\Users\milnucleos\Documents\EDITOR DE TEXTO\proyecto hecho\practicas\wysiwyg_beta\PRACTICA\icons\cut.gif --> ftp.hourhome.com /hourhome.com/icons cut.gif
2009.01.30 00:37 B C:\Users\milnucleos\Documents\EDITOR DE TEXTO\proyecto hecho\practicas\wysiwyg_beta\PRACTICA\icons\cut_on.gif --> ftp.hourhome.com /hourhome.com/icons cut_on.gif
2009.01.30 00:37 B C:\Users\milnucleos\Documents\EDITOR DE TEXTO\proyecto hecho\practicas\wysiwyg_beta\PRACTICA\icons\forecolor.gif --> ftp.hourhome.com /hourhome.com/icons forecolor.gif
2009.01.30 00:37 B C:\Users\milnucleos\Documents\EDITOR DE TEXTO\proyecto hecho\practicas\wysiwyg_beta\PRACTICA\icons\forecolor_on.gif --> ftp.hourhome.com /hourhome.com/icons forecolor_on.gif
2009.01.30 00:37 B C:\Users\milnucleos\Documents\EDITOR DE TEXTO\proyecto hecho\practicas\wysiwyg_beta\PRACTICA\icons\help.gif --> ftp.hourhome.com /hourhome.com/icons help.gif
2009.01.30 00:37 B C:\Users\milnucleos\Documents\EDITOR DE TEXTO\proyecto hecho\practicas\wysiwyg_beta\PRACTICA\icons\help_on.gif --> ftp.hourhome.com /hourhome.com/icons help_on.gif
2009.01.30 00:37 B C:\Users\milnucleos\Documents\EDITOR DE TEXTO\proyecto hecho\practicas\wysiwyg_beta\PRACTICA\icons\indent_left.gif --> ftp.hourhome.com /hourhome.com/icons indent_left.gif
2009.01.30 00:37 B C:\Users\milnucleos\Documents\EDITOR DE TEXTO\proyecto hecho\practicas\wysiwyg_beta\PRACTICA\icons\indent_left_on.gif --> ftp.hourhome.com /hourhome.com/icons indent_left_on.gif
2009.01.30 00:37 B C:\Users\milnucleos\Documents\EDITOR DE TEXTO\proyecto hecho\practicas\wysiwyg_beta\PRACTICA\icons\indent_right.gif --> ftp.hourhome.com /hourhome.com/icons indent_right.gif
2009.01.30 00:37 B C:\Users\milnucleos\Documents\EDITOR DE TEXTO\proyecto hecho\practicas\wysiwyg_beta\PRACTICA\icons\indent_right_on.gif --> ftp.hourhome.com /hourhome.com/icons indent_right_on.gif
2009.01.30 00:37 B C:\Users\milnucleos\Documents\EDITOR DE TEXTO\proyecto hecho\practicas\wysiwyg_beta\PRACTICA\icons\insert_hyperlink.gif --> ftp.hourhome.com /hourhome.com/icons insert_hyperlink.gif
2009.01.30 00:37 B C:\Users\milnucleos\Documents\EDITOR DE TEXTO\proyecto hecho\practicas\wysiwyg_beta\PRACTICA\icons\insert_hyperlink_on.gif --> ftp.hourhome.com /hourhome.com/icons insert_hyperlink_on.gif
2009.01.30 00:37 B C:\Users\milnucleos\Documents\EDITOR DE TEXTO\proyecto hecho\practicas\wysiwyg_beta\PRACTICA\icons\insert_picture.gif --> ftp.hourhome.com /hourhome.com/icons insert_picture.gif
2009.01.30 00:37 B C:\Users\milnucleos\Documents\EDITOR DE TEXTO\proyecto hecho\practicas\wysiwyg_beta\PRACTICA\icons\insert_picture_on.gif --> ftp.hourhome.com /hourhome.com/icons insert_picture_on.gif
2009.01.30 00:37 B C:\Users\milnucleos\Documents\EDITOR DE TEXTO\proyecto hecho\practicas\wysiwyg_beta\PRACTICA\icons\insert_table.gif --> ftp.hourhome.com /hourhome.com/icons insert_table.gif
2009.01.30 00:37 B C:\Users\milnucleos\Documents\EDITOR DE TEXTO\proyecto hecho\practicas\wysiwyg_beta\PRACTICA\icons\insert_table_on.gif --> ftp.hourhome.com /hourhome.com/icons insert_table_on.gif
2009.01.30 00:37 B C:\Users\milnucleos\Documents\EDITOR DE TEXTO\proyecto hecho\practicas\wysiwyg_beta\PRACTICA\icons\italics.gif --> ftp.hourhome.com /hourhome.com/icons italics.gif
2009.01.30 00:37 B C:\Users\milnucleos\Documents\EDITOR DE TEXTO\proyecto hecho\practicas\wysiwyg_beta\PRACTICA\icons\italics_on.gif --> ftp.hourhome.com /hourhome.com/icons italics_on.gif
2009.01.30 00:38 B C:\Users\milnucleos\Documents\EDITOR DE TEXTO\proyecto hecho\practicas\wysiwyg_beta\PRACTICA\icons\justify_center.gif --> ftp.hourhome.com /hourhome.com/icons justify_center.gif
2009.01.30 00:38 B C:\Users\milnucleos\Documents\EDITOR DE TEXTO\proyecto hecho\practicas\wysiwyg_beta\PRACTICA\icons\justify_center_on.gif --> ftp.hourhome.com /hourhome.com/icons justify_center_on.gif
2009.01.30 00:38 B C:\Users\milnucleos\Documents\EDITOR DE TEXTO\proyecto hecho\practicas\wysiwyg_beta\PRACTICA\icons\justify_left.gif --> ftp.hourhome.com /hourhome.com/icons justify_left.gif
2009.01.30 00:38 B C:\Users\milnucleos\Documents\EDITOR DE TEXTO\proyecto hecho\practicas\wysiwyg_beta\PRACTICA\icons\justify_left_on.gif --> ftp.hourhome.com /hourhome.com/icons justify_left_on.gif
2009.01.30 00:38 B C:\Users\milnucleos\Documents\EDITOR DE TEXTO\proyecto hecho\practicas\wysiwyg_beta\PRACTICA\icons\justify_right.gif --> ftp.hourhome.com /hourhome.com/icons justify_right.gif
2009.01.30 00:38 B C:\Users\milnucleos\Documents\EDITOR DE TEXTO\proyecto hecho\practicas\wysiwyg_beta\PRACTICA\icons\justify_right_on.gif --> ftp.hourhome.com /hourhome.com/icons justify_right_on.gif
2009.01.30 00:38 B C:\Users\milnucleos\Documents\EDITOR DE TEXTO\proyecto hecho\practicas\wysiwyg_beta\PRACTICA\icons\list_ordered.gif --> ftp.hourhome.com /hourhome.com/icons list_ordered.gif
2009.01.30 00:38 B C:\Users\milnucleos\Documents\EDITOR DE TEXTO\proyecto hecho\practicas\wysiwyg_beta\PRACTICA\icons\list_ordered_on.gif --> ftp.hourhome.com /hourhome.com/icons list_ordered_on.gif
2009.01.30 00:38 B C:\Users\milnucleos\Documents\EDITOR DE TEXTO\proyecto hecho\practicas\wysiwyg_beta\PRACTICA\icons\list_unordered.gif --> ftp.hourhome.com /hourhome.com/icons list_unordered.gif
2009.01.30 00:38 B C:\Users\milnucleos\Documents\EDITOR DE TEXTO\proyecto hecho\practicas\wysiwyg_beta\PRACTICA\icons\list_unordered_on.gif --> ftp.hourhome.com /hourhome.com/icons list_unordered_on.gif
2009.01.30 00:38 B C:\Users\milnucleos\Documents\EDITOR DE TEXTO\proyecto hecho\practicas\wysiwyg_beta\PRACTICA\icons\logo.gif --> ftp.hourhome.com /hourhome.com/icons logo.gif
2009.01.30 00:38 B C:\Users\milnucleos\Documents\EDITOR DE TEXTO\proyecto hecho\practicas\wysiwyg_beta\PRACTICA\icons\paste.gif --> ftp.hourhome.com /hourhome.com/icons paste.gif
2009.01.30 00:38 B C:\Users\milnucleos\Documents\EDITOR DE TEXTO\proyecto hecho\practicas\wysiwyg_beta\PRACTICA\icons\paste_on.gif --> ftp.hourhome.com /hourhome.com/icons paste_on.gif
2009.01.30 00:38 B C:\Users\milnucleos\Documents\EDITOR DE TEXTO\proyecto hecho\practicas\wysiwyg_beta\PRACTICA\icons\redo.gif --> ftp.hourhome.com /hourhome.com/icons redo.gif
2009.01.30 00:38 B C:\Users\milnucleos\Documents\EDITOR DE TEXTO\proyecto hecho\practicas\wysiwyg_beta\PRACTICA\icons\redo_on.gif --> ftp.hourhome.com /hourhome.com/icons redo_on.gif
2009.01.30 00:38 B C:\Users\milnucleos\Documents\EDITOR DE TEXTO\proyecto hecho\practicas\wysiwyg_beta\PRACTICA\icons\select_font.gif --> ftp.hourhome.com /hourhome.com/icons select_font.gif
2009.01.30 00:38 B C:\Users\milnucleos\Documents\EDITOR DE TEXTO\proyecto hecho\practicas\wysiwyg_beta\PRACTICA\icons\select_font_on.gif --> ftp.hourhome.com /hourhome.com/icons select_font_on.gif
2009.01.30 00:38 B C:\Users\milnucleos\Documents\EDITOR DE TEXTO\proyecto hecho\practicas\wysiwyg_beta\PRACTICA\icons\select_size.gif --> ftp.hourhome.com /hourhome.com/icons select_size.gif
2009.01.30 00:38 B C:\Users\milnucleos\Documents\EDITOR DE TEXTO\proyecto hecho\practicas\wysiwyg_beta\PRACTICA\icons\select_size_on.gif --> ftp.hourhome.com /hourhome.com/icons select_size_on.gif
2009.01.30 00:38 B C:\Users\milnucleos\Documents\EDITOR DE TEXTO\proyecto hecho\practicas\wysiwyg_beta\PRACTICA\icons\seperator.gif --> ftp.hourhome.com /hourhome.com/icons seperator.gif
2009.01.30 00:38 B C:\Users\milnucleos\Documents\EDITOR DE TEXTO\proyecto hecho\practicas\wysiwyg_beta\PRACTICA\icons\seperator2.gif --> ftp.hourhome.com /hourhome.com/icons seperator2.gif
2009.01.30 00:38 B C:\Users\milnucleos\Documents\EDITOR DE TEXTO\proyecto hecho\practicas\wysiwyg_beta\PRACTICA\icons\strikethrough.gif --> ftp.hourhome.com /hourhome.com/icons strikethrough.gif
2009.01.30 00:38 B C:\Users\milnucleos\Documents\EDITOR DE TEXTO\proyecto hecho\practicas\wysiwyg_beta\PRACTICA\icons\strikethrough_on.gif --> ftp.hourhome.com /hourhome.com/icons strikethrough_on.gif
2009.01.30 00:38 B C:\Users\milnucleos\Documents\EDITOR DE TEXTO\proyecto hecho\practicas\wysiwyg_beta\PRACTICA\icons\subscript.gif --> ftp.hourhome.com /hourhome.com/icons subscript.gif
2009.01.30 00:38 B C:\Users\milnucleos\Documents\EDITOR DE TEXTO\proyecto hecho\practicas\wysiwyg_beta\PRACTICA\icons\subscript_on.gif --> ftp.hourhome.com /hourhome.com/icons subscript_on.gif
2009.01.30 00:38 B C:\Users\milnucleos\Documents\EDITOR DE TEXTO\proyecto hecho\practicas\wysiwyg_beta\PRACTICA\icons\superscript.gif --> ftp.hourhome.com /hourhome.com/icons superscript.gif
2009.01.30 00:38 B C:\Users\milnucleos\Documents\EDITOR DE TEXTO\proyecto hecho\practicas\wysiwyg_beta\PRACTICA\icons\superscript_on.gif --> ftp.hourhome.com /hourhome.com/icons superscript_on.gif
2009.01.30 00:38 B C:\Users\milnucleos\Documents\EDITOR DE TEXTO\proyecto hecho\practicas\wysiwyg_beta\PRACTICA\icons\Thumbs.db --> ftp.hourhome.com /hourhome.com/icons Thumbs.db
2009.01.30 00:38 B C:\Users\milnucleos\Documents\EDITOR DE TEXTO\proyecto hecho\practicas\wysiwyg_beta\PRACTICA\icons\underline.gif --> ftp.hourhome.com /hourhome.com/icons underline.gif
2009.01.30 00:38 B C:\Users\milnucleos\Documents\EDITOR DE TEXTO\proyecto hecho\practicas\wysiwyg_beta\PRACTICA\icons\underline_on.gif --> ftp.hourhome.com /hourhome.com/icons underline_on.gif
2009.01.30 00:38 B C:\Users\milnucleos\Documents\EDITOR DE TEXTO\proyecto hecho\practicas\wysiwyg_beta\PRACTICA\icons\undo.gif --> ftp.hourhome.com /hourhome.com/icons undo.gif
2009.01.30 00:38 B C:\Users\milnucleos\Documents\EDITOR DE TEXTO\proyecto hecho\practicas\wysiwyg_beta\PRACTICA\icons\undo_on.gif --> ftp.hourhome.com /hourhome.com/icons undo_on.gif
2009.01.30 00:38 B C:\Users\milnucleos\Documents\EDITOR DE TEXTO\proyecto hecho\practicas\wysiwyg_beta\PRACTICA\icons\view_source.gif --> ftp.hourhome.com /hourhome.com/icons view_source.gif
2009.01.30 00:38 B C:\Users\milnucleos\Documents\EDITOR DE TEXTO\proyecto hecho\practicas\wysiwyg_beta\PRACTICA\icons\view_source_on.gif --> ftp.hourhome.com /hourhome.com/icons view_source_on.gif
2009.01.30 00:38 B C:\Users\milnucleos\Documents\EDITOR DE TEXTO\proyecto hecho\practicas\wysiwyg_beta\PRACTICA\icons\view_text.gif --> ftp.hourhome.com /hourhome.com/icons view_text.gif
2009.01.30 00:38 B C:\Users\milnucleos\Documents\EDITOR DE TEXTO\proyecto hecho\practicas\wysiwyg_beta\PRACTICA\icons\view_text_on.gif --> ftp.hourhome.com /hourhome.com/icons view_text_on.gif
2009.01.31 05:17 B C:\Users\milnucleos\Documents\EDITOR DE TEXTO\proyecto hecho\practicas\wysiwyg_beta\PRACTICA\icons\backcolor.gif --> ftp.hourhome.com /hourhome.com/icons backcolor.gif
2009.01.31 05:17 B C:\Users\milnucleos\Documents\EDITOR DE TEXTO\proyecto hecho\practicas\wysiwyg_beta\PRACTICA\icons\backcolor_on.gif --> ftp.hourhome.com /hourhome.com/icons backcolor_on.gif
2009.01.31 05:17 B C:\Users\milnucleos\Documents\EDITOR DE TEXTO\proyecto hecho\practicas\wysiwyg_beta\PRACTICA\icons\background_silver.jpg --> ftp.hourhome.com /hourhome.com/icons background_silver.jpg
2009.01.31 05:17 B C:\Users\milnucleos\Documents\EDITOR DE TEXTO\proyecto hecho\practicas\wysiwyg_beta\PRACTICA\icons\bold.gif --> ftp.hourhome.com /hourhome.com/icons bold.gif
2009.01.31 05:17 B C:\Users\milnucleos\Documents\EDITOR DE TEXTO\proyecto hecho\practicas\wysiwyg_beta\PRACTICA\icons\bold_on.gif --> ftp.hourhome.com /hourhome.com/icons bold_on.gif
2009.01.31 05:17 B C:\Users\milnucleos\Documents\EDITOR DE TEXTO\proyecto hecho\practicas\wysiwyg_beta\PRACTICA\icons\copy.gif --> ftp.hourhome.com /hourhome.com/icons copy.gif
2009.01.31 05:17 B C:\Users\milnucleos\Documents\EDITOR DE TEXTO\proyecto hecho\practicas\wysiwyg_beta\PRACTICA\icons\copy_on.gif --> ftp.hourhome.com /hourhome.com/icons copy_on.gif
2009.01.31 05:17 B C:\Users\milnucleos\Documents\EDITOR DE TEXTO\proyecto hecho\practicas\wysiwyg_beta\PRACTICA\icons\cut.gif --> ftp.hourhome.com /hourhome.com/icons cut.gif
2009.01.31 05:17 B C:\Users\milnucleos\Documents\EDITOR DE TEXTO\proyecto hecho\practicas\wysiwyg_beta\PRACTICA\icons\cut_on.gif --> ftp.hourhome.com /hourhome.com/icons cut_on.gif
2009.01.31 05:17 B C:\Users\milnucleos\Documents\EDITOR DE TEXTO\proyecto hecho\practicas\wysiwyg_beta\PRACTICA\icons\forecolor.gif --> ftp.hourhome.com /hourhome.com/icons forecolor.gif
2009.01.31 05:17 B C:\Users\milnucleos\Documents\EDITOR DE TEXTO\proyecto hecho\practicas\wysiwyg_beta\PRACTICA\icons\forecolor_on.gif --> ftp.hourhome.com /hourhome.com/icons forecolor_on.gif
2009.01.31 05:17 B C:\Users\milnucleos\Documents\EDITOR DE TEXTO\proyecto hecho\practicas\wysiwyg_beta\PRACTICA\icons\help.gif --> ftp.hourhome.com /hourhome.com/icons help.gif
2009.01.31 05:17 B C:\Users\milnucleos\Documents\EDITOR DE TEXTO\proyecto hecho\practicas\wysiwyg_beta\PRACTICA\icons\help_on.gif --> ftp.hourhome.com /hourhome.com/icons help_on.gif
2009.01.31 05:17 B C:\Users\milnucleos\Documents\EDITOR DE TEXTO\proyecto hecho\practicas\wysiwyg_beta\PRACTICA\icons\indent_left.gif --> ftp.hourhome.com /hourhome.com/icons indent_left.gif
2009.01.31 05:17 B C:\Users\milnucleos\Documents\EDITOR DE TEXTO\proyecto hecho\practicas\wysiwyg_beta\PRACTICA\icons\indent_left_on.gif --> ftp.hourhome.com /hourhome.com/icons indent_left_on.gif
2009.01.31 05:17 B C:\Users\milnucleos\Documents\EDITOR DE TEXTO\proyecto hecho\practicas\wysiwyg_beta\PRACTICA\icons\indent_right.gif --> ftp.hourhome.com /hourhome.com/icons indent_right.gif
2009.01.31 05:17 B C:\Users\milnucleos\Documents\EDITOR DE TEXTO\proyecto hecho\practicas\wysiwyg_beta\PRACTICA\icons\indent_right_on.gif --> ftp.hourhome.com /hourhome.com/icons indent_right_on.gif
2009.01.31 05:17 B C:\Users\milnucleos\Documents\EDITOR DE TEXTO\proyecto hecho\practicas\wysiwyg_beta\PRACTICA\icons\insert_hyperlink.gif --> ftp.hourhome.com /hourhome.com/icons insert_hyperlink.gif
2009.01.31 05:17 B C:\Users\milnucleos\Documents\EDITOR DE TEXTO\proyecto hecho\practicas\wysiwyg_beta\PRACTICA\icons\insert_hyperlink_on.gif --> ftp.hourhome.com /hourhome.com/icons insert_hyperlink_on.gif
2009.01.31 05:18 B C:\Users\milnucleos\Documents\EDITOR DE TEXTO\proyecto hecho\practicas\wysiwyg_beta\PRACTICA\icons\insert_picture.gif --> ftp.hourhome.com /hourhome.com/icons insert_picture.gif
2009.01.31 05:18 B C:\Users\milnucleos\Documents\EDITOR DE TEXTO\proyecto hecho\practicas\wysiwyg_beta\PRACTICA\icons\insert_picture_on.gif --> ftp.hourhome.com /hourhome.com/icons insert_picture_on.gif
2009.01.31 05:18 B C:\Users\milnucleos\Documents\EDITOR DE TEXTO\proyecto hecho\practicas\wysiwyg_beta\PRACTICA\icons\insert_table.gif --> ftp.hourhome.com /hourhome.com/icons insert_table.gif
2009.01.31 05:18 B C:\Users\milnucleos\Documents\EDITOR DE TEXTO\proyecto hecho\practicas\wysiwyg_beta\PRACTICA\icons\insert_table_on.gif --> ftp.hourhome.com /hourhome.com/icons insert_table_on.gif
2009.01.31 05:18 B C:\Users\milnucleos\Documents\EDITOR DE TEXTO\proyecto hecho\practicas\wysiwyg_beta\PRACTICA\icons\italics.gif --> ftp.hourhome.com /hourhome.com/icons italics.gif
2009.01.31 05:18 B C:\Users\milnucleos\Documents\EDITOR DE TEXTO\proyecto hecho\practicas\wysiwyg_beta\PRACTICA\icons\italics_on.gif --> ftp.hourhome.com /hourhome.com/icons italics_on.gif
2009.01.31 05:18 B C:\Users\milnucleos\Documents\EDITOR DE TEXTO\proyecto hecho\practicas\wysiwyg_beta\PRACTICA\icons\justify_center.gif --> ftp.hourhome.com /hourhome.com/icons justify_center.gif
2009.01.31 05:18 B C:\Users\milnucleos\Documents\EDITOR DE TEXTO\proyecto hecho\practicas\wysiwyg_beta\PRACTICA\icons\justify_center_on.gif --> ftp.hourhome.com /hourhome.com/icons justify_center_on.gif
2009.01.31 05:18 B C:\Users\milnucleos\Documents\EDITOR DE TEXTO\proyecto hecho\practicas\wysiwyg_beta\PRACTICA\icons\justify_left.gif --> ftp.hourhome.com /hourhome.com/icons justify_left.gif
2009.01.31 05:18 B C:\Users\milnucleos\Documents\EDITOR DE TEXTO\proyecto hecho\practicas\wysiwyg_beta\PRACTICA\icons\justify_left_on.gif --> ftp.hourhome.com /hourhome.com/icons justify_left_on.gif
2009.01.31 05:18 B C:\Users\milnucleos\Documents\EDITOR DE TEXTO\proyecto hecho\practicas\wysiwyg_beta\PRACTICA\icons\justify_right.gif --> ftp.hourhome.com /hourhome.com/icons justify_right.gif
2009.01.31 05:18 B C:\Users\milnucleos\Documents\EDITOR DE TEXTO\proyecto hecho\practicas\wysiwyg_beta\PRACTICA\icons\justify_right_on.gif --> ftp.hourhome.com /hourhome.com/icons justify_right_on.gif
2009.01.31 05:18 B C:\Users\milnucleos\Documents\EDITOR DE TEXTO\proyecto hecho\practicas\wysiwyg_beta\PRACTICA\icons\list_ordered.gif --> ftp.hourhome.com /hourhome.com/icons list_ordered.gif
2009.01.31 05:18 B C:\Users\milnucleos\Documents\EDITOR DE TEXTO\proyecto hecho\practicas\wysiwyg_beta\PRACTICA\icons\list_ordered_on.gif --> ftp.hourhome.com /hourhome.com/icons list_ordered_on.gif
2009.01.31 05:18 B C:\Users\milnucleos\Documents\EDITOR DE TEXTO\proyecto hecho\practicas\wysiwyg_beta\PRACTICA\icons\list_unordered.gif --> ftp.hourhome.com /hourhome.com/icons list_unordered.gif
2009.01.31 05:18 B C:\Users\milnucleos\Documents\EDITOR DE TEXTO\proyecto hecho\practicas\wysiwyg_beta\PRACTICA\icons\list_unordered_on.gif --> ftp.hourhome.com /hourhome.com/icons list_unordered_on.gif
2009.01.31 05:18 B C:\Users\milnucleos\Documents\EDITOR DE TEXTO\proyecto hecho\practicas\wysiwyg_beta\PRACTICA\icons\logo.gif --> ftp.hourhome.com /hourhome.com/icons logo.gif
2009.01.31 05:18 B C:\Users\milnucleos\Documents\EDITOR DE TEXTO\proyecto hecho\practicas\wysiwyg_beta\PRACTICA\icons\paste.gif --> ftp.hourhome.com /hourhome.com/icons paste.gif
2009.01.31 05:18 B C:\Users\milnucleos\Documents\EDITOR DE TEXTO\proyecto hecho\practicas\wysiwyg_beta\PRACTICA\icons\paste_on.gif --> ftp.hourhome.com /hourhome.com/icons paste_on.gif
2009.01.31 05:18 B C:\Users\milnucleos\Documents\EDITOR DE TEXTO\proyecto hecho\practicas\wysiwyg_beta\PRACTICA\icons\redo.gif --> ftp.hourhome.com /hourhome.com/icons redo.gif
2009.01.31 05:18 B C:\Users\milnucleos\Documents\EDITOR DE TEXTO\proyecto hecho\practicas\wysiwyg_beta\PRACTICA\icons\redo_on.gif --> ftp.hourhome.com /hourhome.com/icons redo_on.gif
2009.01.31 05:18 B C:\Users\milnucleos\Documents\EDITOR DE TEXTO\proyecto hecho\practicas\wysiwyg_beta\PRACTICA\icons\select_font.gif --> ftp.hourhome.com /hourhome.com/icons select_font.gif
2009.01.31 05:18 B C:\Users\milnucleos\Documents\EDITOR DE TEXTO\proyecto hecho\practicas\wysiwyg_beta\PRACTICA\icons\select_font_on.gif --> ftp.hourhome.com /hourhome.com/icons select_font_on.gif
2009.01.31 05:18 B C:\Users\milnucleos\Documents\EDITOR DE TEXTO\proyecto hecho\practicas\wysiwyg_beta\PRACTICA\icons\select_size.gif --> ftp.hourhome.com /hourhome.com/icons select_size.gif
2009.01.31 05:18 B C:\Users\milnucleos\Documents\EDITOR DE TEXTO\proyecto hecho\practicas\wysiwyg_beta\PRACTICA\icons\select_size_on.gif --> ftp.hourhome.com /hourhome.com/icons select_size_on.gif
2009.01.31 05:18 B C:\Users\milnucleos\Documents\EDITOR DE TEXTO\proyecto hecho\practicas\wysiwyg_beta\PRACTICA\icons\seperator.gif --> ftp.hourhome.com /hourhome.com/icons seperator.gif
2009.01.31 05:18 B C:\Users\milnucleos\Documents\EDITOR DE TEXTO\proyecto hecho\practicas\wysiwyg_beta\PRACTICA\icons\seperator2.gif --> ftp.hourhome.com /hourhome.com/icons seperator2.gif
2009.01.31 05:18 B C:\Users\milnucleos\Documents\EDITOR DE TEXTO\proyecto hecho\practicas\wysiwyg_beta\PRACTICA\icons\strikethrough.gif --> ftp.hourhome.com /hourhome.com/icons strikethrough.gif
2009.01.31 05:18 B C:\Users\milnucleos\Documents\EDITOR DE TEXTO\proyecto hecho\practicas\wysiwyg_beta\PRACTICA\icons\strikethrough_on.gif --> ftp.hourhome.com /hourhome.com/icons strikethrough_on.gif
2009.01.31 05:18 B C:\Users\milnucleos\Documents\EDITOR DE TEXTO\proyecto hecho\practicas\wysiwyg_beta\PRACTICA\icons\subscript.gif --> ftp.hourhome.com /hourhome.com/icons subscript.gif
2009.01.31 05:18 B C:\Users\milnucleos\Documents\EDITOR DE TEXTO\proyecto hecho\practicas\wysiwyg_beta\PRACTICA\icons\subscript_on.gif --> ftp.hourhome.com /hourhome.com/icons subscript_on.gif
2009.01.31 05:18 B C:\Users\milnucleos\Documents\EDITOR DE TEXTO\proyecto hecho\practicas\wysiwyg_beta\PRACTICA\icons\superscript.gif --> ftp.hourhome.com /hourhome.com/icons superscript.gif
2009.01.31 05:18 B C:\Users\milnucleos\Documents\EDITOR DE TEXTO\proyecto hecho\practicas\wysiwyg_beta\PRACTICA\icons\superscript_on.gif --> ftp.hourhome.com /hourhome.com/icons superscript_on.gif
2009.01.31 05:18 B C:\Users\milnucleos\Documents\EDITOR DE TEXTO\proyecto hecho\practicas\wysiwyg_beta\PRACTICA\icons\Thumbs.db --> ftp.hourhome.com /hourhome.com/icons Thumbs.db
2009.01.31 05:18 B C:\Users\milnucleos\Documents\EDITOR DE TEXTO\proyecto hecho\practicas\wysiwyg_beta\PRACTICA\icons\underline.gif --> ftp.hourhome.com /hourhome.com/icons underline.gif
2009.01.31 05:18 B C:\Users\milnucleos\Documents\EDITOR DE TEXTO\proyecto hecho\practicas\wysiwyg_beta\PRACTICA\icons\underline_on.gif --> ftp.hourhome.com /hourhome.com/icons underline_on.gif
2009.01.31 05:18 B C:\Users\milnucleos\Documents\EDITOR DE TEXTO\proyecto hecho\practicas\wysiwyg_beta\PRACTICA\icons\undo.gif --> ftp.hourhome.com /hourhome.com/icons undo.gif
2009.01.31 05:18 B C:\Users\milnucleos\Documents\EDITOR DE TEXTO\proyecto hecho\practicas\wysiwyg_beta\PRACTICA\icons\undo_on.gif --> ftp.hourhome.com /hourhome.com/icons undo_on.gif
2009.01.31 05:18 B C:\Users\milnucleos\Documents\EDITOR DE TEXTO\proyecto hecho\practicas\wysiwyg_beta\PRACTICA\icons\view_source.gif --> ftp.hourhome.com /hourhome.com/icons view_source.gif
2009.01.31 05:18 B C:\Users\milnucleos\Documents\EDITOR DE TEXTO\proyecto hecho\practicas\wysiwyg_beta\PRACTICA\icons\view_source_on.gif --> ftp.hourhome.com /hourhome.com/icons view_source_on.gif
2009.01.31 05:18 B C:\Users\milnucleos\Documents\EDITOR DE TEXTO\proyecto hecho\practicas\wysiwyg_beta\PRACTICA\icons\view_text.gif --> ftp.hourhome.com /hourhome.com/icons view_text.gif
2009.01.31 05:18 B C:\Users\milnucleos\Documents\EDITOR DE TEXTO\proyecto hecho\practicas\wysiwyg_beta\PRACTICA\icons\view_text_on.gif --> ftp.hourhome.com /hourhome.com/icons view_text_on.gif
2009.01.31 05:18 B C:\Users\milnucleos\Documents\EDITOR DE TEXTO\proyecto hecho\practicas\wysiwyg_beta\PRACTICA\icons\WS_FTP.LOG --> ftp.hourhome.com /hourhome.com/icons WS_FTP.LOG
2009.01.31 15:10 B C:\Users\milnucleos\Documents\EDITOR DE TEXTO\proyecto hecho\practicas\wysiwyg_beta\PRACTICA\icons\backcolor.gif --> ftp.escortelegant.com /escortelegant.com/icons backcolor.gif
2009.01.31 15:10 B C:\Users\milnucleos\Documents\EDITOR DE TEXTO\proyecto hecho\practicas\wysiwyg_beta\PRACTICA\icons\backcolor_on.gif --> ftp.escortelegant.com /escortelegant.com/icons backcolor_on.gif
2009.01.31 15:10 B C:\Users\milnucleos\Documents\EDITOR DE TEXTO\proyecto hecho\practicas\wysiwyg_beta\PRACTICA\icons\background_silver.jpg --> ftp.escortelegant.com /escortelegant.com/icons background_silver.jpg
2009.01.31 15:10 B C:\Users\milnucleos\Documents\EDITOR DE TEXTO\proyecto hecho\practicas\wysiwyg_beta\PRACTICA\icons\bold.gif --> ftp.escortelegant.com /escortelegant.com/icons bold.gif
2009.01.31 15:10 B C:\Users\milnucleos\Documents\EDITOR DE TEXTO\proyecto hecho\practicas\wysiwyg_beta\PRACTICA\icons\bold_on.gif --> ftp.escortelegant.com /escortelegant.com/icons bold_on.gif
2009.01.31 15:10 B C:\Users\milnucleos\Documents\EDITOR DE TEXTO\proyecto hecho\practicas\wysiwyg_beta\PRACTICA\icons\copy.gif --> ftp.escortelegant.com /escortelegant.com/icons copy.gif
2009.01.31 15:10 B C:\Users\milnucleos\Documents\EDITOR DE TEXTO\proyecto hecho\practicas\wysiwyg_beta\PRACTICA\icons\copy_on.gif --> ftp.escortelegant.com /escortelegant.com/icons copy_on.gif
2009.01.31 15:10 B C:\Users\milnucleos\Documents\EDITOR DE TEXTO\proyecto hecho\practicas\wysiwyg_beta\PRACTICA\icons\cut.gif --> ftp.escortelegant.com /escortelegant.com/icons cut.gif
2009.01.31 15:10 B C:\Users\milnucleos\Documents\EDITOR DE TEXTO\proyecto hecho\practicas\wysiwyg_beta\PRACTICA\icons\cut_on.gif --> ftp.escortelegant.com /escortelegant.com/icons cut_on.gif
2009.01.31 15:10 B C:\Users\milnucleos\Documents\EDITOR DE TEXTO\proyecto hecho\practicas\wysiwyg_beta\PRACTICA\icons\forecolor.gif --> ftp.escortelegant.com /escortelegant.com/icons forecolor.gif
2009.01.31 15:10 B C:\Users\milnucleos\Documents\EDITOR DE TEXTO\proyecto hecho\practicas\wysiwyg_beta\PRACTICA\icons\forecolor_on.gif --> ftp.escortelegant.com /escortelegant.com/icons forecolor_on.gif
2009.01.31 15:10 B C:\Users\milnucleos\Documents\EDITOR DE TEXTO\proyecto hecho\practicas\wysiwyg_beta\PRACTICA\icons\help.gif --> ftp.escortelegant.com /escortelegant.com/icons help.gif
2009.01.31 15:10 B C:\Users\milnucleos\Documents\EDITOR DE TEXTO\proyecto hecho\practicas\wysiwyg_beta\PRACTICA\icons\help_on.gif --> ftp.escortelegant.com /escortelegant.com/icons help_on.gif
2009.01.31 15:10 B C:\Users\milnucleos\Documents\EDITOR DE TEXTO\proyecto hecho\practicas\wysiwyg_beta\PRACTICA\icons\indent_left.gif --> ftp.escortelegant.com /escortelegant.com/icons indent_left.gif
2009.01.31 15:10 B C:\Users\milnucleos\Documents\EDITOR DE TEXTO\proyecto hecho\practicas\wysiwyg_beta\PRACTICA\icons\indent_left_on.gif --> ftp.escortelegant.com /escortelegant.com/icons indent_left_on.gif
2009.01.31 15:10 B C:\Users\milnucleos\Documents\EDITOR DE TEXTO\proyecto hecho\practicas\wysiwyg_beta\PRACTICA\icons\indent_right.gif --> ftp.escortelegant.com /escortelegant.com/icons indent_right.gif
2009.01.31 15:10 B C:\Users\milnucleos\Documents\EDITOR DE TEXTO\proyecto hecho\practicas\wysiwyg_beta\PRACTICA\icons\indent_right_on.gif --> ftp.escortelegant.com /escortelegant.com/icons indent_right_on.gif
2009.01.31 15:10 B C:\Users\milnucleos\Documents\EDITOR DE TEXTO\proyecto hecho\practicas\wysiwyg_beta\PRACTICA\icons\insert_hyperlink.gif --> ftp.escortelegant.com /escortelegant.com/icons insert_hyperlink.gif
2009.01.31 15:10 B C:\Users\milnucleos\Documents\EDITOR DE TEXTO\proyecto hecho\practicas\wysiwyg_beta\PRACTICA\icons\insert_hyperlink_on.gif --> ftp.escortelegant.com /escortelegant.com/icons insert_hyperlink_on.gif
2009.01.31 15:10 B C:\Users\milnucleos\Documents\EDITOR DE TEXTO\proyecto hecho\practicas\wysiwyg_beta\PRACTICA\icons\insert_picture.gif --> ftp.escortelegant.com /escortelegant.com/icons insert_picture.gif
2009.01.31 15:10 B C:\Users\milnucleos\Documents\EDITOR DE TEXTO\proyecto hecho\practicas\wysiwyg_beta\PRACTICA\icons\insert_picture_on.gif --> ftp.escortelegant.com /escortelegant.com/icons insert_picture_on.gif
2009.01.31 15:10 B C:\Users\milnucleos\Documents\EDITOR DE TEXTO\proyecto hecho\practicas\wysiwyg_beta\PRACTICA\icons\insert_table.gif --> ftp.escortelegant.com /escortelegant.com/icons insert_table.gif
2009.01.31 15:10 B C:\Users\milnucleos\Documents\EDITOR DE TEXTO\proyecto hecho\practicas\wysiwyg_beta\PRACTICA\icons\insert_table_on.gif --> ftp.escortelegant.com /escortelegant.com/icons insert_table_on.gif
2009.01.31 15:11 B C:\Users\milnucleos\Documents\EDITOR DE TEXTO\proyecto hecho\practicas\wysiwyg_beta\PRACTICA\icons\italics.gif --> ftp.escortelegant.com /escortelegant.com/icons italics.gif
2009.01.31 15:11 B C:\Users\milnucleos\Documents\EDITOR DE TEXTO\proyecto hecho\practicas\wysiwyg_beta\PRACTICA\icons\italics_on.gif --> ftp.escortelegant.com /escortelegant.com/icons italics_on.gif
2009.01.31 15:11 B C:\Users\milnucleos\Documents\EDITOR DE TEXTO\proyecto hecho\practicas\wysiwyg_beta\PRACTICA\icons\justify_center.gif --> ftp.escortelegant.com /escortelegant.com/icons justify_center.gif
2009.01.31 15:11 B C:\Users\milnucleos\Documents\EDITOR DE TEXTO\proyecto hecho\practicas\wysiwyg_beta\PRACTICA\icons\justify_center_on.gif --> ftp.escortelegant.com /escortelegant.com/icons justify_center_on.gif
2009.01.31 15:11 B C:\Users\milnucleos\Documents\EDITOR DE TEXTO\proyecto hecho\practicas\wysiwyg_beta\PRACTICA\icons\justify_left.gif --> ftp.escortelegant.com /escortelegant.com/icons justify_left.gif
2009.01.31 15:11 B C:\Users\milnucleos\Documents\EDITOR DE TEXTO\proyecto hecho\practicas\wysiwyg_beta\PRACTICA\icons\justify_left_on.gif --> ftp.escortelegant.com /escortelegant.com/icons justify_left_on.gif
2009.01.31 15:11 B C:\Users\milnucleos\Documents\EDITOR DE TEXTO\proyecto hecho\practicas\wysiwyg_beta\PRACTICA\icons\justify_right.gif --> ftp.escortelegant.com /escortelegant.com/icons justify_right.gif
2009.01.31 15:11 B C:\Users\milnucleos\Documents\EDITOR DE TEXTO\proyecto hecho\practicas\wysiwyg_beta\PRACTICA\icons\justify_right_on.gif --> ftp.escortelegant.com /escortelegant.com/icons justify_right_on.gif
2009.01.31 15:11 B C:\Users\milnucleos\Documents\EDITOR DE TEXTO\proyecto hecho\practicas\wysiwyg_beta\PRACTICA\icons\list_ordered.gif --> ftp.escortelegant.com /escortelegant.com/icons list_ordered.gif
2009.01.31 15:11 B C:\Users\milnucleos\Documents\EDITOR DE TEXTO\proyecto hecho\practicas\wysiwyg_beta\PRACTICA\icons\list_ordered_on.gif --> ftp.escortelegant.com /escortelegant.com/icons list_ordered_on.gif
2009.01.31 15:11 B C:\Users\milnucleos\Documents\EDITOR DE TEXTO\proyecto hecho\practicas\wysiwyg_beta\PRACTICA\icons\list_unordered.gif --> ftp.escortelegant.com /escortelegant.com/icons list_unordered.gif
2009.01.31 15:11 B C:\Users\milnucleos\Documents\EDITOR DE TEXTO\proyecto hecho\practicas\wysiwyg_beta\PRACTICA\icons\list_unordered_on.gif --> ftp.escortelegant.com /escortelegant.com/icons list_unordered_on.gif
2009.01.31 15:11 B C:\Users\milnucleos\Documents\EDITOR DE TEXTO\proyecto hecho\practicas\wysiwyg_beta\PRACTICA\icons\logo.gif --> ftp.escortelegant.com /escortelegant.com/icons logo.gif
2009.01.31 15:11 B C:\Users\milnucleos\Documents\EDITOR DE TEXTO\proyecto hecho\practicas\wysiwyg_beta\PRACTICA\icons\paste.gif --> ftp.escortelegant.com /escortelegant.com/icons paste.gif
2009.01.31 15:11 B C:\Users\milnucleos\Documents\EDITOR DE TEXTO\proyecto hecho\practicas\wysiwyg_beta\PRACTICA\icons\paste_on.gif --> ftp.escortelegant.com /escortelegant.com/icons paste_on.gif
2009.01.31 15:11 B C:\Users\milnucleos\Documents\EDITOR DE TEXTO\proyecto hecho\practicas\wysiwyg_beta\PRACTICA\icons\redo.gif --> ftp.escortelegant.com /escortelegant.com/icons redo.gif
2009.01.31 15:11 B C:\Users\milnucleos\Documents\EDITOR DE TEXTO\proyecto hecho\practicas\wysiwyg_beta\PRACTICA\icons\redo_on.gif --> ftp.escortelegant.com /escortelegant.com/icons redo_on.gif
2009.01.31 15:11 B C:\Users\milnucleos\Documents\EDITOR DE TEXTO\proyecto hecho\practicas\wysiwyg_beta\PRACTICA\icons\select_font.gif --> ftp.escortelegant.com /escortelegant.com/icons select_font.gif
2009.01.31 15:11 B C:\Users\milnucleos\Documents\EDITOR DE TEXTO\proyecto hecho\practicas\wysiwyg_beta\PRACTICA\icons\select_font_on.gif --> ftp.escortelegant.com /escortelegant.com/icons select_font_on.gif
2009.01.31 15:11 B C:\Users\milnucleos\Documents\EDITOR DE TEXTO\proyecto hecho\practicas\wysiwyg_beta\PRACTICA\icons\select_size.gif --> ftp.escortelegant.com /escortelegant.com/icons select_size.gif
2009.01.31 15:11 B C:\Users\milnucleos\Documents\EDITOR DE TEXTO\proyecto hecho\practicas\wysiwyg_beta\PRACTICA\icons\select_size_on.gif --> ftp.escortelegant.com /escortelegant.com/icons select_size_on.gif
2009.01.31 15:11 B C:\Users\milnucleos\Documents\EDITOR DE TEXTO\proyecto hecho\practicas\wysiwyg_beta\PRACTICA\icons\seperator.gif --> ftp.escortelegant.com /escortelegant.com/icons seperator.gif
2009.01.31 15:11 B C:\Users\milnucleos\Documents\EDITOR DE TEXTO\proyecto hecho\practicas\wysiwyg_beta\PRACTICA\icons\seperator2.gif --> ftp.escortelegant.com /escortelegant.com/icons seperator2.gif
2009.01.31 15:11 B C:\Users\milnucleos\Documents\EDITOR DE TEXTO\proyecto hecho\practicas\wysiwyg_beta\PRACTICA\icons\strikethrough.gif --> ftp.escortelegant.com /escortelegant.com/icons strikethrough.gif
2009.01.31 15:11 B C:\Users\milnucleos\Documents\EDITOR DE TEXTO\proyecto hecho\practicas\wysiwyg_beta\PRACTICA\icons\strikethrough_on.gif --> ftp.escortelegant.com /escortelegant.com/icons strikethrough_on.gif
2009.01.31 15:11 B C:\Users\milnucleos\Documents\EDITOR DE TEXTO\proyecto hecho\practicas\wysiwyg_beta\PRACTICA\icons\subscript.gif --> ftp.escortelegant.com /escortelegant.com/icons subscript.gif
2009.01.31 15:11 B C:\Users\milnucleos\Documents\EDITOR DE TEXTO\proyecto hecho\practicas\wysiwyg_beta\PRACTICA\icons\subscript_on.gif --> ftp.escortelegant.com /escortelegant.com/icons subscript_on.gif
2009.01.31 15:11 B C:\Users\milnucleos\Documents\EDITOR DE TEXTO\proyecto hecho\practicas\wysiwyg_beta\PRACTICA\icons\superscript.gif --> ftp.escortelegant.com /escortelegant.com/icons superscript.gif
2009.01.31 15:11 B C:\Users\milnucleos\Documents\EDITOR DE TEXTO\proyecto hecho\practicas\wysiwyg_beta\PRACTICA\icons\superscript_on.gif --> ftp.escortelegant.com /escortelegant.com/icons superscript_on.gif
2009.01.31 15:11 B C:\Users\milnucleos\Documents\EDITOR DE TEXTO\proyecto hecho\practicas\wysiwyg_beta\PRACTICA\icons\Thumbs.db --> ftp.escortelegant.com /escortelegant.com/icons Thumbs.db
2009.01.31 15:11 B C:\Users\milnucleos\Documents\EDITOR DE TEXTO\proyecto hecho\practicas\wysiwyg_beta\PRACTICA\icons\underline.gif --> ftp.escortelegant.com /escortelegant.com/icons underline.gif
2009.01.31 15:11 B C:\Users\milnucleos\Documents\EDITOR DE TEXTO\proyecto hecho\practicas\wysiwyg_beta\PRACTICA\icons\underline_on.gif --> ftp.escortelegant.com /escortelegant.com/icons underline_on.gif
2009.01.31 15:11 B C:\Users\milnucleos\Documents\EDITOR DE TEXTO\proyecto hecho\practicas\wysiwyg_beta\PRACTICA\icons\undo.gif --> ftp.escortelegant.com /escortelegant.com/icons undo.gif
2009.01.31 15:11 B C:\Users\milnucleos\Documents\EDITOR DE TEXTO\proyecto hecho\practicas\wysiwyg_beta\PRACTICA\icons\undo_on.gif --> ftp.escortelegant.com /escortelegant.com/icons undo_on.gif
2009.01.31 15:11 B C:\Users\milnucleos\Documents\EDITOR DE TEXTO\proyecto hecho\practicas\wysiwyg_beta\PRACTICA\icons\view_source.gif --> ftp.escortelegant.com /escortelegant.com/icons view_source.gif
2009.01.31 15:11 B C:\Users\milnucleos\Documents\EDITOR DE TEXTO\proyecto hecho\practicas\wysiwyg_beta\PRACTICA\icons\view_source_on.gif --> ftp.escortelegant.com /escortelegant.com/icons view_source_on.gif
2009.01.31 15:11 B C:\Users\milnucleos\Documents\EDITOR DE TEXTO\proyecto hecho\practicas\wysiwyg_beta\PRACTICA\icons\view_text.gif --> ftp.escortelegant.com /escortelegant.com/icons view_text.gif
2009.01.31 15:11 B C:\Users\milnucleos\Documents\EDITOR DE TEXTO\proyecto hecho\practicas\wysiwyg_beta\PRACTICA\icons\view_text_on.gif --> ftp.escortelegant.com /escortelegant.com/icons view_text_on.gif
2013.04.02 12:03 B C:\Users\estefi\Documents\wftp\programa\WS_FTP\escortelegant\1-4-2013\icons\WS_FTP.LOG <-- escortelegant /escortelegant.com/icons WS_FTP.LOG
2014.03.12 19:23 B C:\Users\limpio\Documents\wftp\programa\WS_FTP\escortelegant\1-4-2013\icons\WS_FTP.LOG --> ftp.escortelegante.com /escortelegante.com/icons WS_FTP.LOG
2015.03.24 17:43 B C:\Users\Bendito\Documents\wftp\programa\WS_FTP\escortelegant\1-4-2013\icons\backcolor.gif --> ftp.escortelegante.com /escortelegante.com/icons backcolor.gif
2015.03.24 17:43 B C:\Users\Bendito\Documents\wftp\programa\WS_FTP\escortelegant\1-4-2013\icons\backcolor_on.gif --> ftp.escortelegante.com /escortelegante.com/icons backcolor_on.gif
2015.03.24 17:43 B C:\Users\Bendito\Documents\wftp\programa\WS_FTP\escortelegant\1-4-2013\icons\background_silver.jpg --> ftp.escortelegante.com /escortelegante.com/icons background_silver.jpg
2015.03.24 17:43 B C:\Users\Bendito\Documents\wftp\programa\WS_FTP\escortelegant\1-4-2013\icons\bold.gif --> ftp.escortelegante.com /escortelegante.com/icons bold.gif
2015.03.24 17:43 B C:\Users\Bendito\Documents\wftp\programa\WS_FTP\escortelegant\1-4-2013\icons\bold_on.gif --> ftp.escortelegante.com /escortelegante.com/icons bold_on.gif
2015.03.24 17:43 B C:\Users\Bendito\Documents\wftp\programa\WS_FTP\escortelegant\1-4-2013\icons\copy.gif --> ftp.escortelegante.com /escortelegante.com/icons copy.gif
2015.03.24 17:43 B C:\Users\Bendito\Documents\wftp\programa\WS_FTP\escortelegant\1-4-2013\icons\copy_on.gif --> ftp.escortelegante.com /escortelegante.com/icons copy_on.gif
2015.03.24 17:43 B C:\Users\Bendito\Documents\wftp\programa\WS_FTP\escortelegant\1-4-2013\icons\cut.gif --> ftp.escortelegante.com /escortelegante.com/icons cut.gif
2015.03.24 17:43 B C:\Users\Bendito\Documents\wftp\programa\WS_FTP\escortelegant\1-4-2013\icons\cut_on.gif --> ftp.escortelegante.com /escortelegante.com/icons cut_on.gif
2015.03.24 17:43 B C:\Users\Bendito\Documents\wftp\programa\WS_FTP\escortelegant\1-4-2013\icons\forecolor.gif --> ftp.escortelegante.com /escortelegante.com/icons forecolor.gif
2015.03.24 17:43 B C:\Users\Bendito\Documents\wftp\programa\WS_FTP\escortelegant\1-4-2013\icons\forecolor_on.gif --> ftp.escortelegante.com /escortelegante.com/icons forecolor_on.gif
2015.03.24 17:43 B C:\Users\Bendito\Documents\wftp\programa\WS_FTP\escortelegant\1-4-2013\icons\help.gif --> ftp.escortelegante.com /escortelegante.com/icons help.gif
2015.03.24 17:43 B C:\Users\Bendito\Documents\wftp\programa\WS_FTP\escortelegant\1-4-2013\icons\help_on.gif --> ftp.escortelegante.com /escortelegante.com/icons help_on.gif
2015.03.24 17:43 B C:\Users\Bendito\Documents\wftp\programa\WS_FTP\escortelegant\1-4-2013\icons\indent_left.gif --> ftp.escortelegante.com /escortelegante.com/icons indent_left.gif
2015.03.24 17:43 B C:\Users\Bendito\Documents\wftp\programa\WS_FTP\escortelegant\1-4-2013\icons\indent_left_on.gif --> ftp.escortelegante.com /escortelegante.com/icons indent_left_on.gif
2015.03.24 17:43 B C:\Users\Bendito\Documents\wftp\programa\WS_FTP\escortelegant\1-4-2013\icons\indent_right.gif --> ftp.escortelegante.com /escortelegante.com/icons indent_right.gif
2015.03.24 17:43 B C:\Users\Bendito\Documents\wftp\programa\WS_FTP\escortelegant\1-4-2013\icons\indent_right_on.gif --> ftp.escortelegante.com /escortelegante.com/icons indent_right_on.gif
2015.03.24 17:43 B C:\Users\Bendito\Documents\wftp\programa\WS_FTP\escortelegant\1-4-2013\icons\insert_hyperlink.gif --> ftp.escortelegante.com /escortelegante.com/icons insert_hyperlink.gif
2015.03.24 17:43 B C:\Users\Bendito\Documents\wftp\programa\WS_FTP\escortelegant\1-4-2013\icons\insert_hyperlink_on.gif --> ftp.escortelegante.com /escortelegante.com/icons insert_hyperlink_on.gif
2015.03.24 17:43 B C:\Users\Bendito\Documents\wftp\programa\WS_FTP\escortelegant\1-4-2013\icons\insert_picture.gif --> ftp.escortelegante.com /escortelegante.com/icons insert_picture.gif
2015.03.24 17:43 B C:\Users\Bendito\Documents\wftp\programa\WS_FTP\escortelegant\1-4-2013\icons\insert_picture_on.gif --> ftp.escortelegante.com /escortelegante.com/icons insert_picture_on.gif
2015.03.24 17:43 B C:\Users\Bendito\Documents\wftp\programa\WS_FTP\escortelegant\1-4-2013\icons\insert_table.gif --> ftp.escortelegante.com /escortelegante.com/icons insert_table.gif
2015.03.24 17:43 B C:\Users\Bendito\Documents\wftp\programa\WS_FTP\escortelegant\1-4-2013\icons\insert_table_on.gif --> ftp.escortelegante.com /escortelegante.com/icons insert_table_on.gif
2015.03.24 17:43 B C:\Users\Bendito\Documents\wftp\programa\WS_FTP\escortelegant\1-4-2013\icons\italics.gif --> ftp.escortelegante.com /escortelegante.com/icons italics.gif
2015.03.24 17:43 B C:\Users\Bendito\Documents\wftp\programa\WS_FTP\escortelegant\1-4-2013\icons\italics_on.gif --> ftp.escortelegante.com /escortelegante.com/icons italics_on.gif
2015.03.24 17:43 B C:\Users\Bendito\Documents\wftp\programa\WS_FTP\escortelegant\1-4-2013\icons\justify_center.gif --> ftp.escortelegante.com /escortelegante.com/icons justify_center.gif
2015.03.24 17:43 B C:\Users\Bendito\Documents\wftp\programa\WS_FTP\escortelegant\1-4-2013\icons\justify_center_on.gif --> ftp.escortelegante.com /escortelegante.com/icons justify_center_on.gif
2015.03.24 17:43 B C:\Users\Bendito\Documents\wftp\programa\WS_FTP\escortelegant\1-4-2013\icons\justify_left.gif --> ftp.escortelegante.com /escortelegante.com/icons justify_left.gif
2015.03.24 17:43 B C:\Users\Bendito\Documents\wftp\programa\WS_FTP\escortelegant\1-4-2013\icons\justify_left_on.gif --> ftp.escortelegante.com /escortelegante.com/icons justify_left_on.gif
2015.03.24 17:43 B C:\Users\Bendito\Documents\wftp\programa\WS_FTP\escortelegant\1-4-2013\icons\justify_right.gif --> ftp.escortelegante.com /escortelegante.com/icons justify_right.gif
2015.03.24 17:43 B C:\Users\Bendito\Documents\wftp\programa\WS_FTP\escortelegant\1-4-2013\icons\justify_right_on.gif --> ftp.escortelegante.com /escortelegante.com/icons justify_right_on.gif
2015.03.24 17:43 B C:\Users\Bendito\Documents\wftp\programa\WS_FTP\escortelegant\1-4-2013\icons\list_ordered.gif --> ftp.escortelegante.com /escortelegante.com/icons list_ordered.gif
2015.03.24 17:43 B C:\Users\Bendito\Documents\wftp\programa\WS_FTP\escortelegant\1-4-2013\icons\list_ordered_on.gif --> ftp.escortelegante.com /escortelegante.com/icons list_ordered_on.gif
2015.03.24 17:43 B C:\Users\Bendito\Documents\wftp\programa\WS_FTP\escortelegant\1-4-2013\icons\list_unordered.gif --> ftp.escortelegante.com /escortelegante.com/icons list_unordered.gif
2015.03.24 17:43 B C:\Users\Bendito\Documents\wftp\programa\WS_FTP\escortelegant\1-4-2013\icons\list_unordered_on.gif --> ftp.escortelegante.com /escortelegante.com/icons list_unordered_on.gif
2015.03.24 17:43 B C:\Users\Bendito\Documents\wftp\programa\WS_FTP\escortelegant\1-4-2013\icons\logo.gif --> ftp.escortelegante.com /escortelegante.com/icons logo.gif
2015.03.24 17:43 B C:\Users\Bendito\Documents\wftp\programa\WS_FTP\escortelegant\1-4-2013\icons\paste.gif --> ftp.escortelegante.com /escortelegante.com/icons paste.gif
2015.03.24 17:43 B C:\Users\Bendito\Documents\wftp\programa\WS_FTP\escortelegant\1-4-2013\icons\paste_on.gif --> ftp.escortelegante.com /escortelegante.com/icons paste_on.gif
2015.03.24 17:43 B C:\Users\Bendito\Documents\wftp\programa\WS_FTP\escortelegant\1-4-2013\icons\redo.gif --> ftp.escortelegante.com /escortelegante.com/icons redo.gif
2015.03.24 17:43 B C:\Users\Bendito\Documents\wftp\programa\WS_FTP\escortelegant\1-4-2013\icons\redo_on.gif --> ftp.escortelegante.com /escortelegante.com/icons redo_on.gif
2015.03.24 17:43 B C:\Users\Bendito\Documents\wftp\programa\WS_FTP\escortelegant\1-4-2013\icons\select_font.gif --> ftp.escortelegante.com /escortelegante.com/icons select_font.gif
2015.03.24 17:43 B C:\Users\Bendito\Documents\wftp\programa\WS_FTP\escortelegant\1-4-2013\icons\select_font_on.gif --> ftp.escortelegante.com /escortelegante.com/icons select_font_on.gif
2015.03.24 17:43 B C:\Users\Bendito\Documents\wftp\programa\WS_FTP\escortelegant\1-4-2013\icons\select_size.gif --> ftp.escortelegante.com /escortelegante.com/icons select_size.gif
2015.03.24 17:43 B C:\Users\Bendito\Documents\wftp\programa\WS_FTP\escortelegant\1-4-2013\icons\select_size_on.gif --> ftp.escortelegante.com /escortelegante.com/icons select_size_on.gif
2015.03.24 17:44 B C:\Users\Bendito\Documents\wftp\programa\WS_FTP\escortelegant\1-4-2013\icons\seperator.gif --> ftp.escortelegante.com /escortelegante.com/icons seperator.gif
2015.03.24 17:44 B C:\Users\Bendito\Documents\wftp\programa\WS_FTP\escortelegant\1-4-2013\icons\seperator2.gif --> ftp.escortelegante.com /escortelegante.com/icons seperator2.gif
2015.03.24 17:44 B C:\Users\Bendito\Documents\wftp\programa\WS_FTP\escortelegant\1-4-2013\icons\strikethrough.gif --> ftp.escortelegante.com /escortelegante.com/icons strikethrough.gif
2015.03.24 17:44 B C:\Users\Bendito\Documents\wftp\programa\WS_FTP\escortelegant\1-4-2013\icons\strikethrough_on.gif --> ftp.escortelegante.com /escortelegante.com/icons strikethrough_on.gif
2015.03.24 17:44 B C:\Users\Bendito\Documents\wftp\programa\WS_FTP\escortelegant\1-4-2013\icons\subscript.gif --> ftp.escortelegante.com /escortelegante.com/icons subscript.gif
2015.03.24 17:44 B C:\Users\Bendito\Documents\wftp\programa\WS_FTP\escortelegant\1-4-2013\icons\subscript_on.gif --> ftp.escortelegante.com /escortelegante.com/icons subscript_on.gif
2015.03.24 17:44 B C:\Users\Bendito\Documents\wftp\programa\WS_FTP\escortelegant\1-4-2013\icons\superscript.gif --> ftp.escortelegante.com /escortelegante.com/icons superscript.gif
2015.03.24 17:44 B C:\Users\Bendito\Documents\wftp\programa\WS_FTP\escortelegant\1-4-2013\icons\superscript_on.gif --> ftp.escortelegante.com /escortelegante.com/icons superscript_on.gif
2015.03.24 17:44 B C:\Users\Bendito\Documents\wftp\programa\WS_FTP\escortelegant\1-4-2013\icons\Thumbs.db --> ftp.escortelegante.com /escortelegante.com/icons Thumbs.db
2015.03.24 17:44 B C:\Users\Bendito\Documents\wftp\programa\WS_FTP\escortelegant\1-4-2013\icons\underline.gif --> ftp.escortelegante.com /escortelegante.com/icons underline.gif
2015.03.24 17:44 B C:\Users\Bendito\Documents\wftp\programa\WS_FTP\escortelegant\1-4-2013\icons\underline_on.gif --> ftp.escortelegante.com /escortelegante.com/icons underline_on.gif
2015.03.24 17:44 B C:\Users\Bendito\Documents\wftp\programa\WS_FTP\escortelegant\1-4-2013\icons\undo.gif --> ftp.escortelegante.com /escortelegante.com/icons undo.gif
2015.03.24 17:44 B C:\Users\Bendito\Documents\wftp\programa\WS_FTP\escortelegant\1-4-2013\icons\undo_on.gif --> ftp.escortelegante.com /escortelegante.com/icons undo_on.gif
2015.03.24 17:44 B C:\Users\Bendito\Documents\wftp\programa\WS_FTP\escortelegant\1-4-2013\icons\view_source.gif --> ftp.escortelegante.com /escortelegante.com/icons view_source.gif
2015.03.24 17:44 B C:\Users\Bendito\Documents\wftp\programa\WS_FTP\escortelegant\1-4-2013\icons\view_source_on.gif --> ftp.escortelegante.com /escortelegante.com/icons view_source_on.gif
2015.03.24 17:44 B C:\Users\Bendito\Documents\wftp\programa\WS_FTP\escortelegant\1-4-2013\icons\view_text.gif --> ftp.escortelegante.com /escortelegante.com/icons view_text.gif
2015.03.24 17:44 B C:\Users\Bendito\Documents\wftp\programa\WS_FTP\escortelegant\1-4-2013\icons\view_text_on.gif --> ftp.escortelegante.com /escortelegante.com/icons view_text_on.gif
2017.11.18 05:58 B C:\Users\C\Documents\WS_FTP\escortelegante\cs16112017\icons\WS_FTP.LOG <-- escortelegante /escortelegante.com/icons WS_FTP.LOG
2020.11.10 12:06 B C:\Users\victorioso\Documents\Documents\WS_FTP\www.amorfreier.com\icons\WS_FTP.LOG <-- movilfresa /movilfresa.com/icons WS_FTP.LOG
2020.11.10 13:05 B C:\Users\victorioso\Documents\Documents\WS_FTP\www.amorfreier.com\icons\backcolor.gif --> ftp.amorfreier.com /www.amorfreier.com/icons backcolor.gif
2020.11.10 13:05 B C:\Users\victorioso\Documents\Documents\WS_FTP\www.amorfreier.com\icons\backcolor_on.gif --> ftp.amorfreier.com /www.amorfreier.com/icons backcolor_on.gif
2020.11.10 13:05 B C:\Users\victorioso\Documents\Documents\WS_FTP\www.amorfreier.com\icons\background_silver.jpg --> ftp.amorfreier.com /www.amorfreier.com/icons background_silver.jpg
2020.11.10 13:05 B C:\Users\victorioso\Documents\Documents\WS_FTP\www.amorfreier.com\icons\bold.gif --> ftp.amorfreier.com /www.amorfreier.com/icons bold.gif
2020.11.10 13:05 B C:\Users\victorioso\Documents\Documents\WS_FTP\www.amorfreier.com\icons\bold_on.gif --> ftp.amorfreier.com /www.amorfreier.com/icons bold_on.gif
2020.11.10 13:05 B C:\Users\victorioso\Documents\Documents\WS_FTP\www.amorfreier.com\icons\copy.gif --> ftp.amorfreier.com /www.amorfreier.com/icons copy.gif
2020.11.10 13:05 B C:\Users\victorioso\Documents\Documents\WS_FTP\www.amorfreier.com\icons\copy_on.gif --> ftp.amorfreier.com /www.amorfreier.com/icons copy_on.gif
2020.11.10 13:05 B C:\Users\victorioso\Documents\Documents\WS_FTP\www.amorfreier.com\icons\cut.gif --> ftp.amorfreier.com /www.amorfreier.com/icons cut.gif
2020.11.10 13:05 B C:\Users\victorioso\Documents\Documents\WS_FTP\www.amorfreier.com\icons\cut_on.gif --> ftp.amorfreier.com /www.amorfreier.com/icons cut_on.gif
2020.11.10 13:05 B C:\Users\victorioso\Documents\Documents\WS_FTP\www.amorfreier.com\icons\forecolor.gif --> ftp.amorfreier.com /www.amorfreier.com/icons forecolor.gif
2020.11.10 13:05 B C:\Users\victorioso\Documents\Documents\WS_FTP\www.amorfreier.com\icons\forecolor_on.gif --> ftp.amorfreier.com /www.amorfreier.com/icons forecolor_on.gif
2020.11.10 13:05 B C:\Users\victorioso\Documents\Documents\WS_FTP\www.amorfreier.com\icons\help.gif --> ftp.amorfreier.com /www.amorfreier.com/icons help.gif
2020.11.10 13:05 B C:\Users\victorioso\Documents\Documents\WS_FTP\www.amorfreier.com\icons\help_on.gif --> ftp.amorfreier.com /www.amorfreier.com/icons help_on.gif
2020.11.10 13:05 B C:\Users\victorioso\Documents\Documents\WS_FTP\www.amorfreier.com\icons\indent_left.gif --> ftp.amorfreier.com /www.amorfreier.com/icons indent_left.gif
2020.11.10 13:05 B C:\Users\victorioso\Documents\Documents\WS_FTP\www.amorfreier.com\icons\indent_left_on.gif --> ftp.amorfreier.com /www.amorfreier.com/icons indent_left_on.gif
2020.11.10 13:05 B C:\Users\victorioso\Documents\Documents\WS_FTP\www.amorfreier.com\icons\indent_right.gif --> ftp.amorfreier.com /www.amorfreier.com/icons indent_right.gif
2020.11.10 13:05 B C:\Users\victorioso\Documents\Documents\WS_FTP\www.amorfreier.com\icons\indent_right_on.gif --> ftp.amorfreier.com /www.amorfreier.com/icons indent_right_on.gif
2020.11.10 13:05 B C:\Users\victorioso\Documents\Documents\WS_FTP\www.amorfreier.com\icons\insert_hyperlink.gif --> ftp.amorfreier.com /www.amorfreier.com/icons insert_hyperlink.gif
2020.11.10 13:05 B C:\Users\victorioso\Documents\Documents\WS_FTP\www.amorfreier.com\icons\insert_hyperlink_on.gif --> ftp.amorfreier.com /www.amorfreier.com/icons insert_hyperlink_on.gif
2020.11.10 13:05 B C:\Users\victorioso\Documents\Documents\WS_FTP\www.amorfreier.com\icons\insert_picture.gif --> ftp.amorfreier.com /www.amorfreier.com/icons insert_picture.gif
2020.11.10 13:05 B C:\Users\victorioso\Documents\Documents\WS_FTP\www.amorfreier.com\icons\insert_picture_on.gif --> ftp.amorfreier.com /www.amorfreier.com/icons insert_picture_on.gif
2020.11.10 13:05 B C:\Users\victorioso\Documents\Documents\WS_FTP\www.amorfreier.com\icons\insert_table.gif --> ftp.amorfreier.com /www.amorfreier.com/icons insert_table.gif
2020.11.10 13:05 B C:\Users\victorioso\Documents\Documents\WS_FTP\www.amorfreier.com\icons\insert_table_on.gif --> ftp.amorfreier.com /www.amorfreier.com/icons insert_table_on.gif
2020.11.10 13:05 B C:\Users\victorioso\Documents\Documents\WS_FTP\www.amorfreier.com\icons\italics.gif --> ftp.amorfreier.com /www.amorfreier.com/icons italics.gif
2020.11.10 13:05 B C:\Users\victorioso\Documents\Documents\WS_FTP\www.amorfreier.com\icons\italics_on.gif --> ftp.amorfreier.com /www.amorfreier.com/icons italics_on.gif
2020.11.10 13:05 B C:\Users\victorioso\Documents\Documents\WS_FTP\www.amorfreier.com\icons\justify_center.gif --> ftp.amorfreier.com /www.amorfreier.com/icons justify_center.gif
2020.11.10 13:05 B C:\Users\victorioso\Documents\Documents\WS_FTP\www.amorfreier.com\icons\justify_center_on.gif --> ftp.amorfreier.com /www.amorfreier.com/icons justify_center_on.gif
2020.11.10 13:05 B C:\Users\victorioso\Documents\Documents\WS_FTP\www.amorfreier.com\icons\justify_left.gif --> ftp.amorfreier.com /www.amorfreier.com/icons justify_left.gif
2020.11.10 13:05 B C:\Users\victorioso\Documents\Documents\WS_FTP\www.amorfreier.com\icons\justify_left_on.gif --> ftp.amorfreier.com /www.amorfreier.com/icons justify_left_on.gif
2020.11.10 13:05 B C:\Users\victorioso\Documents\Documents\WS_FTP\www.amorfreier.com\icons\justify_right.gif --> ftp.amorfreier.com /www.amorfreier.com/icons justify_right.gif
2020.11.10 13:05 B C:\Users\victorioso\Documents\Documents\WS_FTP\www.amorfreier.com\icons\justify_right_on.gif --> ftp.amorfreier.com /www.amorfreier.com/icons justify_right_on.gif
2020.11.10 13:05 B C:\Users\victorioso\Documents\Documents\WS_FTP\www.amorfreier.com\icons\list_ordered.gif --> ftp.amorfreier.com /www.amorfreier.com/icons list_ordered.gif
2020.11.10 13:05 B C:\Users\victorioso\Documents\Documents\WS_FTP\www.amorfreier.com\icons\list_ordered_on.gif --> ftp.amorfreier.com /www.amorfreier.com/icons list_ordered_on.gif
2020.11.10 13:05 B C:\Users\victorioso\Documents\Documents\WS_FTP\www.amorfreier.com\icons\list_unordered.gif --> ftp.amorfreier.com /www.amorfreier.com/icons list_unordered.gif
2020.11.10 13:05 B C:\Users\victorioso\Documents\Documents\WS_FTP\www.amorfreier.com\icons\list_unordered_on.gif --> ftp.amorfreier.com /www.amorfreier.com/icons list_unordered_on.gif
2020.11.10 13:05 B C:\Users\victorioso\Documents\Documents\WS_FTP\www.amorfreier.com\icons\logo.gif --> ftp.amorfreier.com /www.amorfreier.com/icons logo.gif
2020.11.10 13:05 B C:\Users\victorioso\Documents\Documents\WS_FTP\www.amorfreier.com\icons\paste.gif --> ftp.amorfreier.com /www.amorfreier.com/icons paste.gif
2020.11.10 13:06 B C:\Users\victorioso\Documents\Documents\WS_FTP\www.amorfreier.com\icons\paste_on.gif --> ftp.amorfreier.com /www.amorfreier.com/icons paste_on.gif
2020.11.10 13:06 B C:\Users\victorioso\Documents\Documents\WS_FTP\www.amorfreier.com\icons\redo.gif --> ftp.amorfreier.com /www.amorfreier.com/icons redo.gif
2020.11.10 13:06 B C:\Users\victorioso\Documents\Documents\WS_FTP\www.amorfreier.com\icons\redo_on.gif --> ftp.amorfreier.com /www.amorfreier.com/icons redo_on.gif
2020.11.10 13:06 B C:\Users\victorioso\Documents\Documents\WS_FTP\www.amorfreier.com\icons\select_font.gif --> ftp.amorfreier.com /www.amorfreier.com/icons select_font.gif
2020.11.10 13:06 B C:\Users\victorioso\Documents\Documents\WS_FTP\www.amorfreier.com\icons\select_font_on.gif --> ftp.amorfreier.com /www.amorfreier.com/icons select_font_on.gif
2020.11.10 13:06 B C:\Users\victorioso\Documents\Documents\WS_FTP\www.amorfreier.com\icons\select_size.gif --> ftp.amorfreier.com /www.amorfreier.com/icons select_size.gif
2020.11.10 13:06 B C:\Users\victorioso\Documents\Documents\WS_FTP\www.amorfreier.com\icons\select_size_on.gif --> ftp.amorfreier.com /www.amorfreier.com/icons select_size_on.gif
2020.11.10 13:06 B C:\Users\victorioso\Documents\Documents\WS_FTP\www.amorfreier.com\icons\seperator.gif --> ftp.amorfreier.com /www.amorfreier.com/icons seperator.gif
2020.11.10 13:06 B C:\Users\victorioso\Documents\Documents\WS_FTP\www.amorfreier.com\icons\seperator2.gif --> ftp.amorfreier.com /www.amorfreier.com/icons seperator2.gif
2020.11.10 13:06 B C:\Users\victorioso\Documents\Documents\WS_FTP\www.amorfreier.com\icons\strikethrough.gif --> ftp.amorfreier.com /www.amorfreier.com/icons strikethrough.gif
2020.11.10 13:06 B C:\Users\victorioso\Documents\Documents\WS_FTP\www.amorfreier.com\icons\strikethrough_on.gif --> ftp.amorfreier.com /www.amorfreier.com/icons strikethrough_on.gif
2020.11.10 13:06 B C:\Users\victorioso\Documents\Documents\WS_FTP\www.amorfreier.com\icons\subscript.gif --> ftp.amorfreier.com /www.amorfreier.com/icons subscript.gif
2020.11.10 13:06 B C:\Users\victorioso\Documents\Documents\WS_FTP\www.amorfreier.com\icons\subscript_on.gif --> ftp.amorfreier.com /www.amorfreier.com/icons subscript_on.gif
2020.11.10 13:06 B C:\Users\victorioso\Documents\Documents\WS_FTP\www.amorfreier.com\icons\superscript.gif --> ftp.amorfreier.com /www.amorfreier.com/icons superscript.gif
2020.11.10 13:06 B C:\Users\victorioso\Documents\Documents\WS_FTP\www.amorfreier.com\icons\superscript_on.gif --> ftp.amorfreier.com /www.amorfreier.com/icons superscript_on.gif
2020.11.10 13:06 B C:\Users\victorioso\Documents\Documents\WS_FTP\www.amorfreier.com\icons\Thumbs.db --> ftp.amorfreier.com /www.amorfreier.com/icons Thumbs.db
2020.11.10 13:06 B C:\Users\victorioso\Documents\Documents\WS_FTP\www.amorfreier.com\icons\underline.gif --> ftp.amorfreier.com /www.amorfreier.com/icons underline.gif
2020.11.10 13:06 B C:\Users\victorioso\Documents\Documents\WS_FTP\www.amorfreier.com\icons\underline_on.gif --> ftp.amorfreier.com /www.amorfreier.com/icons underline_on.gif
2020.11.10 13:06 B C:\Users\victorioso\Documents\Documents\WS_FTP\www.amorfreier.com\icons\undo.gif --> ftp.amorfreier.com /www.amorfreier.com/icons undo.gif
2020.11.10 13:06 B C:\Users\victorioso\Documents\Documents\WS_FTP\www.amorfreier.com\icons\undo_on.gif --> ftp.amorfreier.com /www.amorfreier.com/icons undo_on.gif
2020.11.10 13:06 B C:\Users\victorioso\Documents\Documents\WS_FTP\www.amorfreier.com\icons\view_source.gif --> ftp.amorfreier.com /www.amorfreier.com/icons view_source.gif
2020.11.10 13:06 B C:\Users\victorioso\Documents\Documents\WS_FTP\www.amorfreier.com\icons\view_source_on.gif --> ftp.amorfreier.com /www.amorfreier.com/icons view_source_on.gif
2020.11.10 13:06 B C:\Users\victorioso\Documents\Documents\WS_FTP\www.amorfreier.com\icons\view_text.gif --> ftp.amorfreier.com /www.amorfreier.com/icons view_text.gif
2020.11.10 13:06 B C:\Users\victorioso\Documents\Documents\WS_FTP\www.amorfreier.com\icons\view_text_on.gif --> ftp.amorfreier.com /www.amorfreier.com/icons view_text_on.gif
2021.10.15 02:58 B C:\Users\Ma\Documents\wftp\programa\WS_FTP\amorfreier.com\cd15102021\icons\WS_FTP.LOG <-- amorfreier /www.amorfreier.com/icons WS_FTP.LOG
2021.10.15 21:34 B C:\Users\Ma\Documents\wftp\programa\WS_FTP\amorfreier.com\cd15102021\icons\backcolor.gif --> ftp.nucleodeoro.com.mialias.net /web/icons backcolor.gif
2021.10.15 21:34 B C:\Users\Ma\Documents\wftp\programa\WS_FTP\amorfreier.com\cd15102021\icons\backcolor_on.gif --> ftp.nucleodeoro.com.mialias.net /web/icons backcolor_on.gif
2021.10.15 21:34 B C:\Users\Ma\Documents\wftp\programa\WS_FTP\amorfreier.com\cd15102021\icons\background_silver.jpg --> ftp.nucleodeoro.com.mialias.net /web/icons background_silver.jpg
2021.10.15 21:34 B C:\Users\Ma\Documents\wftp\programa\WS_FTP\amorfreier.com\cd15102021\icons\bold.gif --> ftp.nucleodeoro.com.mialias.net /web/icons bold.gif
2021.10.15 21:34 B C:\Users\Ma\Documents\wftp\programa\WS_FTP\amorfreier.com\cd15102021\icons\bold_on.gif --> ftp.nucleodeoro.com.mialias.net /web/icons bold_on.gif
2021.10.15 21:34 B C:\Users\Ma\Documents\wftp\programa\WS_FTP\amorfreier.com\cd15102021\icons\copy.gif --> ftp.nucleodeoro.com.mialias.net /web/icons copy.gif
2021.10.15 21:34 B C:\Users\Ma\Documents\wftp\programa\WS_FTP\amorfreier.com\cd15102021\icons\copy_on.gif --> ftp.nucleodeoro.com.mialias.net /web/icons copy_on.gif
2021.10.15 21:34 B C:\Users\Ma\Documents\wftp\programa\WS_FTP\amorfreier.com\cd15102021\icons\cut.gif --> ftp.nucleodeoro.com.mialias.net /web/icons cut.gif
2021.10.15 21:34 B C:\Users\Ma\Documents\wftp\programa\WS_FTP\amorfreier.com\cd15102021\icons\cut_on.gif --> ftp.nucleodeoro.com.mialias.net /web/icons cut_on.gif
2021.10.15 21:34 B C:\Users\Ma\Documents\wftp\programa\WS_FTP\amorfreier.com\cd15102021\icons\forecolor.gif --> ftp.nucleodeoro.com.mialias.net /web/icons forecolor.gif
2021.10.15 21:34 B C:\Users\Ma\Documents\wftp\programa\WS_FTP\amorfreier.com\cd15102021\icons\forecolor_on.gif --> ftp.nucleodeoro.com.mialias.net /web/icons forecolor_on.gif
2021.10.15 21:34 B C:\Users\Ma\Documents\wftp\programa\WS_FTP\amorfreier.com\cd15102021\icons\help.gif --> ftp.nucleodeoro.com.mialias.net /web/icons help.gif
2021.10.15 21:34 B C:\Users\Ma\Documents\wftp\programa\WS_FTP\amorfreier.com\cd15102021\icons\help_on.gif --> ftp.nucleodeoro.com.mialias.net /web/icons help_on.gif
2021.10.15 21:34 B C:\Users\Ma\Documents\wftp\programa\WS_FTP\amorfreier.com\cd15102021\icons\indent_left.gif --> ftp.nucleodeoro.com.mialias.net /web/icons indent_left.gif
2021.10.15 21:34 B C:\Users\Ma\Documents\wftp\programa\WS_FTP\amorfreier.com\cd15102021\icons\indent_left_on.gif --> ftp.nucleodeoro.com.mialias.net /web/icons indent_left_on.gif
2021.10.15 21:34 B C:\Users\Ma\Documents\wftp\programa\WS_FTP\amorfreier.com\cd15102021\icons\indent_right.gif --> ftp.nucleodeoro.com.mialias.net /web/icons indent_right.gif
2021.10.15 21:34 B C:\Users\Ma\Documents\wftp\programa\WS_FTP\amorfreier.com\cd15102021\icons\indent_right_on.gif --> ftp.nucleodeoro.com.mialias.net /web/icons indent_right_on.gif
2021.10.15 21:34 B C:\Users\Ma\Documents\wftp\programa\WS_FTP\amorfreier.com\cd15102021\icons\insert_hyperlink.gif --> ftp.nucleodeoro.com.mialias.net /web/icons insert_hyperlink.gif
2021.10.15 21:34 B C:\Users\Ma\Documents\wftp\programa\WS_FTP\amorfreier.com\cd15102021\icons\insert_hyperlink_on.gif --> ftp.nucleodeoro.com.mialias.net /web/icons insert_hyperlink_on.gif
2021.10.15 21:34 B C:\Users\Ma\Documents\wftp\programa\WS_FTP\amorfreier.com\cd15102021\icons\insert_picture.gif --> ftp.nucleodeoro.com.mialias.net /web/icons insert_picture.gif
2021.10.15 21:34 B C:\Users\Ma\Documents\wftp\programa\WS_FTP\amorfreier.com\cd15102021\icons\insert_picture_on.gif --> ftp.nucleodeoro.com.mialias.net /web/icons insert_picture_on.gif
2021.10.15 21:34 B C:\Users\Ma\Documents\wftp\programa\WS_FTP\amorfreier.com\cd15102021\icons\insert_table.gif --> ftp.nucleodeoro.com.mialias.net /web/icons insert_table.gif
2021.10.15 21:34 B C:\Users\Ma\Documents\wftp\programa\WS_FTP\amorfreier.com\cd15102021\icons\insert_table_on.gif --> ftp.nucleodeoro.com.mialias.net /web/icons insert_table_on.gif
2021.10.15 21:34 B C:\Users\Ma\Documents\wftp\programa\WS_FTP\amorfreier.com\cd15102021\icons\italics.gif --> ftp.nucleodeoro.com.mialias.net /web/icons italics.gif
2021.10.15 21:34 B C:\Users\Ma\Documents\wftp\programa\WS_FTP\amorfreier.com\cd15102021\icons\italics_on.gif --> ftp.nucleodeoro.com.mialias.net /web/icons italics_on.gif
2021.10.15 21:34 B C:\Users\Ma\Documents\wftp\programa\WS_FTP\amorfreier.com\cd15102021\icons\justify_center.gif --> ftp.nucleodeoro.com.mialias.net /web/icons justify_center.gif
2021.10.15 21:34 B C:\Users\Ma\Documents\wftp\programa\WS_FTP\amorfreier.com\cd15102021\icons\justify_center_on.gif --> ftp.nucleodeoro.com.mialias.net /web/icons justify_center_on.gif
2021.10.15 21:34 B C:\Users\Ma\Documents\wftp\programa\WS_FTP\amorfreier.com\cd15102021\icons\justify_left.gif --> ftp.nucleodeoro.com.mialias.net /web/icons justify_left.gif
2021.10.15 21:34 B C:\Users\Ma\Documents\wftp\programa\WS_FTP\amorfreier.com\cd15102021\icons\justify_left_on.gif --> ftp.nucleodeoro.com.mialias.net /web/icons justify_left_on.gif
2021.10.15 21:34 B C:\Users\Ma\Documents\wftp\programa\WS_FTP\amorfreier.com\cd15102021\icons\justify_right.gif --> ftp.nucleodeoro.com.mialias.net /web/icons justify_right.gif
2021.10.15 21:34 B C:\Users\Ma\Documents\wftp\programa\WS_FTP\amorfreier.com\cd15102021\icons\justify_right_on.gif --> ftp.nucleodeoro.com.mialias.net /web/icons justify_right_on.gif
2021.10.15 21:34 B C:\Users\Ma\Documents\wftp\programa\WS_FTP\amorfreier.com\cd15102021\icons\list_ordered.gif --> ftp.nucleodeoro.com.mialias.net /web/icons list_ordered.gif
2021.10.15 21:34 B C:\Users\Ma\Documents\wftp\programa\WS_FTP\amorfreier.com\cd15102021\icons\list_ordered_on.gif --> ftp.nucleodeoro.com.mialias.net /web/icons list_ordered_on.gif
2021.10.15 21:34 B C:\Users\Ma\Documents\wftp\programa\WS_FTP\amorfreier.com\cd15102021\icons\list_unordered.gif --> ftp.nucleodeoro.com.mialias.net /web/icons list_unordered.gif
2021.10.15 21:34 B C:\Users\Ma\Documents\wftp\programa\WS_FTP\amorfreier.com\cd15102021\icons\list_unordered_on.gif --> ftp.nucleodeoro.com.mialias.net /web/icons list_unordered_on.gif
2021.10.15 21:34 B C:\Users\Ma\Documents\wftp\programa\WS_FTP\amorfreier.com\cd15102021\icons\logo.gif --> ftp.nucleodeoro.com.mialias.net /web/icons logo.gif
2021.10.15 21:34 B C:\Users\Ma\Documents\wftp\programa\WS_FTP\amorfreier.com\cd15102021\icons\paste.gif --> ftp.nucleodeoro.com.mialias.net /web/icons paste.gif
2021.10.15 21:34 B C:\Users\Ma\Documents\wftp\programa\WS_FTP\amorfreier.com\cd15102021\icons\paste_on.gif --> ftp.nucleodeoro.com.mialias.net /web/icons paste_on.gif
2021.10.15 21:34 B C:\Users\Ma\Documents\wftp\programa\WS_FTP\amorfreier.com\cd15102021\icons\redo.gif --> ftp.nucleodeoro.com.mialias.net /web/icons redo.gif
2021.10.15 21:34 B C:\Users\Ma\Documents\wftp\programa\WS_FTP\amorfreier.com\cd15102021\icons\redo_on.gif --> ftp.nucleodeoro.com.mialias.net /web/icons redo_on.gif
2021.10.15 21:34 B C:\Users\Ma\Documents\wftp\programa\WS_FTP\amorfreier.com\cd15102021\icons\select_font.gif --> ftp.nucleodeoro.com.mialias.net /web/icons select_font.gif
2021.10.15 21:34 B C:\Users\Ma\Documents\wftp\programa\WS_FTP\amorfreier.com\cd15102021\icons\select_font_on.gif --> ftp.nucleodeoro.com.mialias.net /web/icons select_font_on.gif
2021.10.15 21:34 B C:\Users\Ma\Documents\wftp\programa\WS_FTP\amorfreier.com\cd15102021\icons\select_size.gif --> ftp.nucleodeoro.com.mialias.net /web/icons select_size.gif
2021.10.15 21:34 B C:\Users\Ma\Documents\wftp\programa\WS_FTP\amorfreier.com\cd15102021\icons\select_size_on.gif --> ftp.nucleodeoro.com.mialias.net /web/icons select_size_on.gif
2021.10.15 21:34 B C:\Users\Ma\Documents\wftp\programa\WS_FTP\amorfreier.com\cd15102021\icons\seperator.gif --> ftp.nucleodeoro.com.mialias.net /web/icons seperator.gif
2021.10.15 21:34 B C:\Users\Ma\Documents\wftp\programa\WS_FTP\amorfreier.com\cd15102021\icons\seperator2.gif --> ftp.nucleodeoro.com.mialias.net /web/icons seperator2.gif
2021.10.15 21:34 B C:\Users\Ma\Documents\wftp\programa\WS_FTP\amorfreier.com\cd15102021\icons\strikethrough.gif --> ftp.nucleodeoro.com.mialias.net /web/icons strikethrough.gif
2021.10.15 21:34 B C:\Users\Ma\Documents\wftp\programa\WS_FTP\amorfreier.com\cd15102021\icons\strikethrough_on.gif --> ftp.nucleodeoro.com.mialias.net /web/icons strikethrough_on.gif
2021.10.15 21:34 B C:\Users\Ma\Documents\wftp\programa\WS_FTP\amorfreier.com\cd15102021\icons\subscript.gif --> ftp.nucleodeoro.com.mialias.net /web/icons subscript.gif
2021.10.15 21:34 B C:\Users\Ma\Documents\wftp\programa\WS_FTP\amorfreier.com\cd15102021\icons\subscript_on.gif --> ftp.nucleodeoro.com.mialias.net /web/icons subscript_on.gif
2021.10.15 21:34 B C:\Users\Ma\Documents\wftp\programa\WS_FTP\amorfreier.com\cd15102021\icons\superscript.gif --> ftp.nucleodeoro.com.mialias.net /web/icons superscript.gif
2021.10.15 21:34 B C:\Users\Ma\Documents\wftp\programa\WS_FTP\amorfreier.com\cd15102021\icons\superscript_on.gif --> ftp.nucleodeoro.com.mialias.net /web/icons superscript_on.gif
2021.10.15 21:34 B C:\Users\Ma\Documents\wftp\programa\WS_FTP\amorfreier.com\cd15102021\icons\Thumbs.db --> ftp.nucleodeoro.com.mialias.net /web/icons Thumbs.db
2021.10.15 21:34 B C:\Users\Ma\Documents\wftp\programa\WS_FTP\amorfreier.com\cd15102021\icons\underline.gif --> ftp.nucleodeoro.com.mialias.net /web/icons underline.gif
2021.10.15 21:34 B C:\Users\Ma\Documents\wftp\programa\WS_FTP\amorfreier.com\cd15102021\icons\underline_on.gif --> ftp.nucleodeoro.com.mialias.net /web/icons underline_on.gif
2021.10.15 21:34 B C:\Users\Ma\Documents\wftp\programa\WS_FTP\amorfreier.com\cd15102021\icons\undo.gif --> ftp.nucleodeoro.com.mialias.net /web/icons undo.gif
2021.10.15 21:34 B C:\Users\Ma\Documents\wftp\programa\WS_FTP\amorfreier.com\cd15102021\icons\undo_on.gif --> ftp.nucleodeoro.com.mialias.net /web/icons undo_on.gif
2021.10.15 21:34 B C:\Users\Ma\Documents\wftp\programa\WS_FTP\amorfreier.com\cd15102021\icons\view_source.gif --> ftp.nucleodeoro.com.mialias.net /web/icons view_source.gif
2021.10.15 21:34 B C:\Users\Ma\Documents\wftp\programa\WS_FTP\amorfreier.com\cd15102021\icons\view_source_on.gif --> ftp.nucleodeoro.com.mialias.net /web/icons view_source_on.gif
2021.10.15 21:34 B C:\Users\Ma\Documents\wftp\programa\WS_FTP\amorfreier.com\cd15102021\icons\view_text.gif --> ftp.nucleodeoro.com.mialias.net /web/icons view_text.gif
2021.10.15 21:34 B C:\Users\Ma\Documents\wftp\programa\WS_FTP\amorfreier.com\cd15102021\icons\view_text_on.gif --> ftp.nucleodeoro.com.mialias.net /web/icons view_text_on.gif
2021.10.15 21:34 B C:\Users\Ma\Documents\wftp\programa\WS_FTP\amorfreier.com\cd15102021\icons\WS_FTP.LOG --> ftp.nucleodeoro.com.mialias.net /web/icons WS_FTP.LOG
2021.12.21 23:14 B C:\Users\Ma\Documents\wftp\programa\WS_FTP\amorfreier.com\cd15102021\icons\backcolor.gif --> ftp.nuevoclock.com /www.nuevoclock.com/icons backcolor.gif
2021.12.21 23:14 B C:\Users\Ma\Documents\wftp\programa\WS_FTP\amorfreier.com\cd15102021\icons\backcolor_on.gif --> ftp.nuevoclock.com /www.nuevoclock.com/icons backcolor_on.gif
2021.12.21 23:14 B C:\Users\Ma\Documents\wftp\programa\WS_FTP\amorfreier.com\cd15102021\icons\background_silver.jpg --> ftp.nuevoclock.com /www.nuevoclock.com/icons background_silver.jpg
2021.12.21 23:14 B C:\Users\Ma\Documents\wftp\programa\WS_FTP\amorfreier.com\cd15102021\icons\bold.gif --> ftp.nuevoclock.com /www.nuevoclock.com/icons bold.gif
2021.12.21 23:14 B C:\Users\Ma\Documents\wftp\programa\WS_FTP\amorfreier.com\cd15102021\icons\bold_on.gif --> ftp.nuevoclock.com /www.nuevoclock.com/icons bold_on.gif
2021.12.21 23:14 B C:\Users\Ma\Documents\wftp\programa\WS_FTP\amorfreier.com\cd15102021\icons\copy.gif --> ftp.nuevoclock.com /www.nuevoclock.com/icons copy.gif
2021.12.21 23:14 B C:\Users\Ma\Documents\wftp\programa\WS_FTP\amorfreier.com\cd15102021\icons\copy_on.gif --> ftp.nuevoclock.com /www.nuevoclock.com/icons copy_on.gif
2021.12.21 23:14 B C:\Users\Ma\Documents\wftp\programa\WS_FTP\amorfreier.com\cd15102021\icons\cut.gif --> ftp.nuevoclock.com /www.nuevoclock.com/icons cut.gif
2021.12.21 23:14 B C:\Users\Ma\Documents\wftp\programa\WS_FTP\amorfreier.com\cd15102021\icons\cut_on.gif --> ftp.nuevoclock.com /www.nuevoclock.com/icons cut_on.gif
2021.12.21 23:14 B C:\Users\Ma\Documents\wftp\programa\WS_FTP\amorfreier.com\cd15102021\icons\forecolor.gif --> ftp.nuevoclock.com /www.nuevoclock.com/icons forecolor.gif
2021.12.21 23:14 B C:\Users\Ma\Documents\wftp\programa\WS_FTP\amorfreier.com\cd15102021\icons\forecolor_on.gif --> ftp.nuevoclock.com /www.nuevoclock.com/icons forecolor_on.gif
2021.12.21 23:14 B C:\Users\Ma\Documents\wftp\programa\WS_FTP\amorfreier.com\cd15102021\icons\help.gif --> ftp.nuevoclock.com /www.nuevoclock.com/icons help.gif
2021.12.21 23:14 B C:\Users\Ma\Documents\wftp\programa\WS_FTP\amorfreier.com\cd15102021\icons\help_on.gif --> ftp.nuevoclock.com /www.nuevoclock.com/icons help_on.gif
2021.12.21 23:14 B C:\Users\Ma\Documents\wftp\programa\WS_FTP\amorfreier.com\cd15102021\icons\indent_left.gif --> ftp.nuevoclock.com /www.nuevoclock.com/icons indent_left.gif
2021.12.21 23:14 B C:\Users\Ma\Documents\wftp\programa\WS_FTP\amorfreier.com\cd15102021\icons\indent_left_on.gif --> ftp.nuevoclock.com /www.nuevoclock.com/icons indent_left_on.gif
2021.12.21 23:14 B C:\Users\Ma\Documents\wftp\programa\WS_FTP\amorfreier.com\cd15102021\icons\indent_right.gif --> ftp.nuevoclock.com /www.nuevoclock.com/icons indent_right.gif
2021.12.21 23:14 B C:\Users\Ma\Documents\wftp\programa\WS_FTP\amorfreier.com\cd15102021\icons\indent_right_on.gif --> ftp.nuevoclock.com /www.nuevoclock.com/icons indent_right_on.gif
2021.12.21 23:14 B C:\Users\Ma\Documents\wftp\programa\WS_FTP\amorfreier.com\cd15102021\icons\insert_hyperlink.gif --> ftp.nuevoclock.com /www.nuevoclock.com/icons insert_hyperlink.gif
2021.12.21 23:14 B C:\Users\Ma\Documents\wftp\programa\WS_FTP\amorfreier.com\cd15102021\icons\insert_hyperlink_on.gif --> ftp.nuevoclock.com /www.nuevoclock.com/icons insert_hyperlink_on.gif
2021.12.21 23:14 B C:\Users\Ma\Documents\wftp\programa\WS_FTP\amorfreier.com\cd15102021\icons\insert_picture.gif --> ftp.nuevoclock.com /www.nuevoclock.com/icons insert_picture.gif
2021.12.21 23:14 B C:\Users\Ma\Documents\wftp\programa\WS_FTP\amorfreier.com\cd15102021\icons\insert_picture_on.gif --> ftp.nuevoclock.com /www.nuevoclock.com/icons insert_picture_on.gif
2021.12.21 23:14 B C:\Users\Ma\Documents\wftp\programa\WS_FTP\amorfreier.com\cd15102021\icons\insert_table.gif --> ftp.nuevoclock.com /www.nuevoclock.com/icons insert_table.gif
2021.12.21 23:14 B C:\Users\Ma\Documents\wftp\programa\WS_FTP\amorfreier.com\cd15102021\icons\insert_table_on.gif --> ftp.nuevoclock.com /www.nuevoclock.com/icons insert_table_on.gif
2021.12.21 23:14 B C:\Users\Ma\Documents\wftp\programa\WS_FTP\amorfreier.com\cd15102021\icons\italics.gif --> ftp.nuevoclock.com /www.nuevoclock.com/icons italics.gif
2021.12.21 23:14 B C:\Users\Ma\Documents\wftp\programa\WS_FTP\amorfreier.com\cd15102021\icons\italics_on.gif --> ftp.nuevoclock.com /www.nuevoclock.com/icons italics_on.gif
2021.12.21 23:14 B C:\Users\Ma\Documents\wftp\programa\WS_FTP\amorfreier.com\cd15102021\icons\justify_center.gif --> ftp.nuevoclock.com /www.nuevoclock.com/icons justify_center.gif
2021.12.21 23:14 B C:\Users\Ma\Documents\wftp\programa\WS_FTP\amorfreier.com\cd15102021\icons\justify_center_on.gif --> ftp.nuevoclock.com /www.nuevoclock.com/icons justify_center_on.gif
2021.12.21 23:14 B C:\Users\Ma\Documents\wftp\programa\WS_FTP\amorfreier.com\cd15102021\icons\justify_left.gif --> ftp.nuevoclock.com /www.nuevoclock.com/icons justify_left.gif
2021.12.21 23:14 B C:\Users\Ma\Documents\wftp\programa\WS_FTP\amorfreier.com\cd15102021\icons\justify_left_on.gif --> ftp.nuevoclock.com /www.nuevoclock.com/icons justify_left_on.gif
2021.12.21 23:14 B C:\Users\Ma\Documents\wftp\programa\WS_FTP\amorfreier.com\cd15102021\icons\justify_right.gif --> ftp.nuevoclock.com /www.nuevoclock.com/icons justify_right.gif
2021.12.21 23:14 B C:\Users\Ma\Documents\wftp\programa\WS_FTP\amorfreier.com\cd15102021\icons\justify_right_on.gif --> ftp.nuevoclock.com /www.nuevoclock.com/icons justify_right_on.gif
2021.12.21 23:14 B C:\Users\Ma\Documents\wftp\programa\WS_FTP\amorfreier.com\cd15102021\icons\list_ordered.gif --> ftp.nuevoclock.com /www.nuevoclock.com/icons list_ordered.gif
2021.12.21 23:14 B C:\Users\Ma\Documents\wftp\programa\WS_FTP\amorfreier.com\cd15102021\icons\list_ordered_on.gif --> ftp.nuevoclock.com /www.nuevoclock.com/icons list_ordered_on.gif
2021.12.21 23:14 B C:\Users\Ma\Documents\wftp\programa\WS_FTP\amorfreier.com\cd15102021\icons\list_unordered.gif --> ftp.nuevoclock.com /www.nuevoclock.com/icons list_unordered.gif
2021.12.21 23:14 B C:\Users\Ma\Documents\wftp\programa\WS_FTP\amorfreier.com\cd15102021\icons\list_unordered_on.gif --> ftp.nuevoclock.com /www.nuevoclock.com/icons list_unordered_on.gif
2021.12.21 23:14 B C:\Users\Ma\Documents\wftp\programa\WS_FTP\amorfreier.com\cd15102021\icons\logo.gif --> ftp.nuevoclock.com /www.nuevoclock.com/icons logo.gif
2021.12.21 23:14 B C:\Users\Ma\Documents\wftp\programa\WS_FTP\amorfreier.com\cd15102021\icons\paste.gif --> ftp.nuevoclock.com /www.nuevoclock.com/icons paste.gif
2021.12.21 23:14 B C:\Users\Ma\Documents\wftp\programa\WS_FTP\amorfreier.com\cd15102021\icons\paste_on.gif --> ftp.nuevoclock.com /www.nuevoclock.com/icons paste_on.gif
2021.12.21 23:14 B C:\Users\Ma\Documents\wftp\programa\WS_FTP\amorfreier.com\cd15102021\icons\redo.gif --> ftp.nuevoclock.com /www.nuevoclock.com/icons redo.gif
2021.12.21 23:14 B C:\Users\Ma\Documents\wftp\programa\WS_FTP\amorfreier.com\cd15102021\icons\redo_on.gif --> ftp.nuevoclock.com /www.nuevoclock.com/icons redo_on.gif
2021.12.21 23:14 B C:\Users\Ma\Documents\wftp\programa\WS_FTP\amorfreier.com\cd15102021\icons\select_font.gif --> ftp.nuevoclock.com /www.nuevoclock.com/icons select_font.gif
2021.12.21 23:14 B C:\Users\Ma\Documents\wftp\programa\WS_FTP\amorfreier.com\cd15102021\icons\select_font_on.gif --> ftp.nuevoclock.com /www.nuevoclock.com/icons select_font_on.gif
2021.12.21 23:14 B C:\Users\Ma\Documents\wftp\programa\WS_FTP\amorfreier.com\cd15102021\icons\select_size.gif --> ftp.nuevoclock.com /www.nuevoclock.com/icons select_size.gif
2021.12.21 23:14 B C:\Users\Ma\Documents\wftp\programa\WS_FTP\amorfreier.com\cd15102021\icons\select_size_on.gif --> ftp.nuevoclock.com /www.nuevoclock.com/icons select_size_on.gif
2021.12.21 23:14 B C:\Users\Ma\Documents\wftp\programa\WS_FTP\amorfreier.com\cd15102021\icons\seperator.gif --> ftp.nuevoclock.com /www.nuevoclock.com/icons seperator.gif
2021.12.21 23:14 B C:\Users\Ma\Documents\wftp\programa\WS_FTP\amorfreier.com\cd15102021\icons\seperator2.gif --> ftp.nuevoclock.com /www.nuevoclock.com/icons seperator2.gif
2021.12.21 23:14 B C:\Users\Ma\Documents\wftp\programa\WS_FTP\amorfreier.com\cd15102021\icons\strikethrough.gif --> ftp.nuevoclock.com /www.nuevoclock.com/icons strikethrough.gif
2021.12.21 23:14 B C:\Users\Ma\Documents\wftp\programa\WS_FTP\amorfreier.com\cd15102021\icons\strikethrough_on.gif --> ftp.nuevoclock.com /www.nuevoclock.com/icons strikethrough_on.gif
2021.12.21 23:14 B C:\Users\Ma\Documents\wftp\programa\WS_FTP\amorfreier.com\cd15102021\icons\subscript.gif --> ftp.nuevoclock.com /www.nuevoclock.com/icons subscript.gif
2021.12.21 23:15 B C:\Users\Ma\Documents\wftp\programa\WS_FTP\amorfreier.com\cd15102021\icons\subscript_on.gif --> ftp.nuevoclock.com /www.nuevoclock.com/icons subscript_on.gif
2021.12.21 23:15 B C:\Users\Ma\Documents\wftp\programa\WS_FTP\amorfreier.com\cd15102021\icons\superscript.gif --> ftp.nuevoclock.com /www.nuevoclock.com/icons superscript.gif
2021.12.21 23:15 B C:\Users\Ma\Documents\wftp\programa\WS_FTP\amorfreier.com\cd15102021\icons\superscript_on.gif --> ftp.nuevoclock.com /www.nuevoclock.com/icons superscript_on.gif
2021.12.21 23:15 B C:\Users\Ma\Documents\wftp\programa\WS_FTP\amorfreier.com\cd15102021\icons\Thumbs.db --> ftp.nuevoclock.com /www.nuevoclock.com/icons Thumbs.db
2021.12.21 23:15 B C:\Users\Ma\Documents\wftp\programa\WS_FTP\amorfreier.com\cd15102021\icons\underline.gif --> ftp.nuevoclock.com /www.nuevoclock.com/icons underline.gif
2021.12.21 23:15 B C:\Users\Ma\Documents\wftp\programa\WS_FTP\amorfreier.com\cd15102021\icons\underline_on.gif --> ftp.nuevoclock.com /www.nuevoclock.com/icons underline_on.gif
2021.12.21 23:15 B C:\Users\Ma\Documents\wftp\programa\WS_FTP\amorfreier.com\cd15102021\icons\undo.gif --> ftp.nuevoclock.com /www.nuevoclock.com/icons undo.gif
2021.12.21 23:15 B C:\Users\Ma\Documents\wftp\programa\WS_FTP\amorfreier.com\cd15102021\icons\undo_on.gif --> ftp.nuevoclock.com /www.nuevoclock.com/icons undo_on.gif
2021.12.21 23:15 B C:\Users\Ma\Documents\wftp\programa\WS_FTP\amorfreier.com\cd15102021\icons\view_source.gif --> ftp.nuevoclock.com /www.nuevoclock.com/icons view_source.gif
2021.12.21 23:15 B C:\Users\Ma\Documents\wftp\programa\WS_FTP\amorfreier.com\cd15102021\icons\view_source_on.gif --> ftp.nuevoclock.com /www.nuevoclock.com/icons view_source_on.gif
2021.12.21 23:15 B C:\Users\Ma\Documents\wftp\programa\WS_FTP\amorfreier.com\cd15102021\icons\view_text.gif --> ftp.nuevoclock.com /www.nuevoclock.com/icons view_text.gif
2021.12.21 23:15 B C:\Users\Ma\Documents\wftp\programa\WS_FTP\amorfreier.com\cd15102021\icons\view_text_on.gif --> ftp.nuevoclock.com /www.nuevoclock.com/icons view_text_on.gif
2022.11.23 16:52 B C:\xampp\htdocs\nuevoclock\public\icons\WS_FTP.LOG <-- nuevoclock /www.nuevoclock.com/icons WS_FTP.LOG
2022.11.24 22:07 B C:\xampp\htdocs\nuevoclock\public\icons\backcolor.gif --> ftp.nuevoclock.com /www.nuevoclock.com/nuevoclock/public/icons backcolor.gif
2022.11.24 22:07 B C:\xampp\htdocs\nuevoclock\public\icons\backcolor_on.gif --> ftp.nuevoclock.com /www.nuevoclock.com/nuevoclock/public/icons backcolor_on.gif
2022.11.24 22:07 B C:\xampp\htdocs\nuevoclock\public\icons\background_silver.jpg --> ftp.nuevoclock.com /www.nuevoclock.com/nuevoclock/public/icons background_silver.jpg
2022.11.24 22:07 B C:\xampp\htdocs\nuevoclock\public\icons\bold.gif --> ftp.nuevoclock.com /www.nuevoclock.com/nuevoclock/public/icons bold.gif
2022.11.24 22:07 B C:\xampp\htdocs\nuevoclock\public\icons\bold_on.gif --> ftp.nuevoclock.com /www.nuevoclock.com/nuevoclock/public/icons bold_on.gif
2022.11.24 22:07 B C:\xampp\htdocs\nuevoclock\public\icons\copy.gif --> ftp.nuevoclock.com /www.nuevoclock.com/nuevoclock/public/icons copy.gif
2022.11.24 22:07 B C:\xampp\htdocs\nuevoclock\public\icons\copy_on.gif --> ftp.nuevoclock.com /www.nuevoclock.com/nuevoclock/public/icons copy_on.gif
2022.11.24 22:07 B C:\xampp\htdocs\nuevoclock\public\icons\cut.gif --> ftp.nuevoclock.com /www.nuevoclock.com/nuevoclock/public/icons cut.gif
2022.11.24 22:07 B C:\xampp\htdocs\nuevoclock\public\icons\cut_on.gif --> ftp.nuevoclock.com /www.nuevoclock.com/nuevoclock/public/icons cut_on.gif
2022.11.24 22:07 B C:\xampp\htdocs\nuevoclock\public\icons\forecolor.gif --> ftp.nuevoclock.com /www.nuevoclock.com/nuevoclock/public/icons forecolor.gif
2022.11.24 22:07 B C:\xampp\htdocs\nuevoclock\public\icons\forecolor_on.gif --> ftp.nuevoclock.com /www.nuevoclock.com/nuevoclock/public/icons forecolor_on.gif
2022.11.24 22:07 B C:\xampp\htdocs\nuevoclock\public\icons\help.gif --> ftp.nuevoclock.com /www.nuevoclock.com/nuevoclock/public/icons help.gif
2022.11.24 22:07 B C:\xampp\htdocs\nuevoclock\public\icons\help_on.gif --> ftp.nuevoclock.com /www.nuevoclock.com/nuevoclock/public/icons help_on.gif
2022.11.24 22:07 B C:\xampp\htdocs\nuevoclock\public\icons\indent_left.gif --> ftp.nuevoclock.com /www.nuevoclock.com/nuevoclock/public/icons indent_left.gif
2022.11.24 22:07 B C:\xampp\htdocs\nuevoclock\public\icons\indent_left_on.gif --> ftp.nuevoclock.com /www.nuevoclock.com/nuevoclock/public/icons indent_left_on.gif
2022.11.24 22:07 B C:\xampp\htdocs\nuevoclock\public\icons\indent_right.gif --> ftp.nuevoclock.com /www.nuevoclock.com/nuevoclock/public/icons indent_right.gif
2022.11.24 22:07 B C:\xampp\htdocs\nuevoclock\public\icons\indent_right_on.gif --> ftp.nuevoclock.com /www.nuevoclock.com/nuevoclock/public/icons indent_right_on.gif
2022.11.24 22:07 B C:\xampp\htdocs\nuevoclock\public\icons\insert_hyperlink.gif --> ftp.nuevoclock.com /www.nuevoclock.com/nuevoclock/public/icons insert_hyperlink.gif
2022.11.24 22:07 B C:\xampp\htdocs\nuevoclock\public\icons\insert_hyperlink_on.gif --> ftp.nuevoclock.com /www.nuevoclock.com/nuevoclock/public/icons insert_hyperlink_on.gif
2022.11.24 22:07 B C:\xampp\htdocs\nuevoclock\public\icons\insert_picture.gif --> ftp.nuevoclock.com /www.nuevoclock.com/nuevoclock/public/icons insert_picture.gif
2022.11.24 22:07 B C:\xampp\htdocs\nuevoclock\public\icons\insert_picture_on.gif --> ftp.nuevoclock.com /www.nuevoclock.com/nuevoclock/public/icons insert_picture_on.gif
2022.11.24 22:07 B C:\xampp\htdocs\nuevoclock\public\icons\insert_table.gif --> ftp.nuevoclock.com /www.nuevoclock.com/nuevoclock/public/icons insert_table.gif
2022.11.24 22:07 B C:\xampp\htdocs\nuevoclock\public\icons\insert_table_on.gif --> ftp.nuevoclock.com /www.nuevoclock.com/nuevoclock/public/icons insert_table_on.gif
2022.11.24 22:07 B C:\xampp\htdocs\nuevoclock\public\icons\italics.gif --> ftp.nuevoclock.com /www.nuevoclock.com/nuevoclock/public/icons italics.gif
2022.11.24 22:07 B C:\xampp\htdocs\nuevoclock\public\icons\italics_on.gif --> ftp.nuevoclock.com /www.nuevoclock.com/nuevoclock/public/icons italics_on.gif
2022.11.24 22:07 B C:\xampp\htdocs\nuevoclock\public\icons\justify_center.gif --> ftp.nuevoclock.com /www.nuevoclock.com/nuevoclock/public/icons justify_center.gif
2022.11.24 22:07 B C:\xampp\htdocs\nuevoclock\public\icons\justify_center_on.gif --> ftp.nuevoclock.com /www.nuevoclock.com/nuevoclock/public/icons justify_center_on.gif
2022.11.24 22:07 B C:\xampp\htdocs\nuevoclock\public\icons\justify_left.gif --> ftp.nuevoclock.com /www.nuevoclock.com/nuevoclock/public/icons justify_left.gif
2022.11.24 22:07 B C:\xampp\htdocs\nuevoclock\public\icons\justify_left_on.gif --> ftp.nuevoclock.com /www.nuevoclock.com/nuevoclock/public/icons justify_left_on.gif
2022.11.24 22:07 B C:\xampp\htdocs\nuevoclock\public\icons\justify_right.gif --> ftp.nuevoclock.com /www.nuevoclock.com/nuevoclock/public/icons justify_right.gif
2022.11.24 22:07 B C:\xampp\htdocs\nuevoclock\public\icons\justify_right_on.gif --> ftp.nuevoclock.com /www.nuevoclock.com/nuevoclock/public/icons justify_right_on.gif
2022.11.24 22:07 B C:\xampp\htdocs\nuevoclock\public\icons\list_ordered.gif --> ftp.nuevoclock.com /www.nuevoclock.com/nuevoclock/public/icons list_ordered.gif
2022.11.24 22:07 B C:\xampp\htdocs\nuevoclock\public\icons\list_ordered_on.gif --> ftp.nuevoclock.com /www.nuevoclock.com/nuevoclock/public/icons list_ordered_on.gif
2022.11.24 22:07 B C:\xampp\htdocs\nuevoclock\public\icons\list_unordered.gif --> ftp.nuevoclock.com /www.nuevoclock.com/nuevoclock/public/icons list_unordered.gif
2022.11.24 22:07 B C:\xampp\htdocs\nuevoclock\public\icons\list_unordered_on.gif --> ftp.nuevoclock.com /www.nuevoclock.com/nuevoclock/public/icons list_unordered_on.gif
2022.11.24 22:07 B C:\xampp\htdocs\nuevoclock\public\icons\logo.gif --> ftp.nuevoclock.com /www.nuevoclock.com/nuevoclock/public/icons logo.gif
2022.11.24 22:07 B C:\xampp\htdocs\nuevoclock\public\icons\paste.gif --> ftp.nuevoclock.com /www.nuevoclock.com/nuevoclock/public/icons paste.gif
2022.11.24 22:07 B C:\xampp\htdocs\nuevoclock\public\icons\paste_on.gif --> ftp.nuevoclock.com /www.nuevoclock.com/nuevoclock/public/icons paste_on.gif
2022.11.24 22:07 B C:\xampp\htdocs\nuevoclock\public\icons\redo.gif --> ftp.nuevoclock.com /www.nuevoclock.com/nuevoclock/public/icons redo.gif
2022.11.24 22:07 B C:\xampp\htdocs\nuevoclock\public\icons\redo_on.gif --> ftp.nuevoclock.com /www.nuevoclock.com/nuevoclock/public/icons redo_on.gif
2022.11.24 22:07 B C:\xampp\htdocs\nuevoclock\public\icons\select_font.gif --> ftp.nuevoclock.com /www.nuevoclock.com/nuevoclock/public/icons select_font.gif
2022.11.24 22:07 B C:\xampp\htdocs\nuevoclock\public\icons\select_font_on.gif --> ftp.nuevoclock.com /www.nuevoclock.com/nuevoclock/public/icons select_font_on.gif
2022.11.24 22:07 B C:\xampp\htdocs\nuevoclock\public\icons\select_size.gif --> ftp.nuevoclock.com /www.nuevoclock.com/nuevoclock/public/icons select_size.gif
2022.11.24 22:07 B C:\xampp\htdocs\nuevoclock\public\icons\select_size_on.gif --> ftp.nuevoclock.com /www.nuevoclock.com/nuevoclock/public/icons select_size_on.gif
2022.11.24 22:07 B C:\xampp\htdocs\nuevoclock\public\icons\seperator.gif --> ftp.nuevoclock.com /www.nuevoclock.com/nuevoclock/public/icons seperator.gif
2022.11.24 22:07 B C:\xampp\htdocs\nuevoclock\public\icons\seperator2.gif --> ftp.nuevoclock.com /www.nuevoclock.com/nuevoclock/public/icons seperator2.gif
2022.11.24 22:07 B C:\xampp\htdocs\nuevoclock\public\icons\strikethrough.gif --> ftp.nuevoclock.com /www.nuevoclock.com/nuevoclock/public/icons strikethrough.gif
2022.11.24 22:07 B C:\xampp\htdocs\nuevoclock\public\icons\strikethrough_on.gif --> ftp.nuevoclock.com /www.nuevoclock.com/nuevoclock/public/icons strikethrough_on.gif
2022.11.24 22:07 B C:\xampp\htdocs\nuevoclock\public\icons\subscript.gif --> ftp.nuevoclock.com /www.nuevoclock.com/nuevoclock/public/icons subscript.gif
2022.11.24 22:07 B C:\xampp\htdocs\nuevoclock\public\icons\subscript_on.gif --> ftp.nuevoclock.com /www.nuevoclock.com/nuevoclock/public/icons subscript_on.gif
2022.11.24 22:07 B C:\xampp\htdocs\nuevoclock\public\icons\superscript.gif --> ftp.nuevoclock.com /www.nuevoclock.com/nuevoclock/public/icons superscript.gif
2022.11.24 22:07 B C:\xampp\htdocs\nuevoclock\public\icons\superscript_on.gif --> ftp.nuevoclock.com /www.nuevoclock.com/nuevoclock/public/icons superscript_on.gif
2022.11.24 22:07 B C:\xampp\htdocs\nuevoclock\public\icons\Thumbs.db --> ftp.nuevoclock.com /www.nuevoclock.com/nuevoclock/public/icons Thumbs.db
2022.11.24 22:07 B C:\xampp\htdocs\nuevoclock\public\icons\underline.gif --> ftp.nuevoclock.com /www.nuevoclock.com/nuevoclock/public/icons underline.gif
2022.11.24 22:07 B C:\xampp\htdocs\nuevoclock\public\icons\underline_on.gif --> ftp.nuevoclock.com /www.nuevoclock.com/nuevoclock/public/icons underline_on.gif
2022.11.24 22:07 B C:\xampp\htdocs\nuevoclock\public\icons\undo.gif --> ftp.nuevoclock.com /www.nuevoclock.com/nuevoclock/public/icons undo.gif
2022.11.24 22:07 B C:\xampp\htdocs\nuevoclock\public\icons\undo_on.gif --> ftp.nuevoclock.com /www.nuevoclock.com/nuevoclock/public/icons undo_on.gif
2022.11.24 22:07 B C:\xampp\htdocs\nuevoclock\public\icons\view_source.gif --> ftp.nuevoclock.com /www.nuevoclock.com/nuevoclock/public/icons view_source.gif
2022.11.24 22:07 B C:\xampp\htdocs\nuevoclock\public\icons\view_source_on.gif --> ftp.nuevoclock.com /www.nuevoclock.com/nuevoclock/public/icons view_source_on.gif
2022.11.24 22:07 B C:\xampp\htdocs\nuevoclock\public\icons\view_text.gif --> ftp.nuevoclock.com /www.nuevoclock.com/nuevoclock/public/icons view_text.gif
2022.11.24 22:07 B C:\xampp\htdocs\nuevoclock\public\icons\view_text_on.gif --> ftp.nuevoclock.com /www.nuevoclock.com/nuevoclock/public/icons view_text_on.gif
2022.11.24 22:07 B C:\xampp\htdocs\nuevoclock\public\icons\WS_FTP.LOG --> ftp.nuevoclock.com /www.nuevoclock.com/nuevoclock/public/icons WS_FTP.LOG
2022.12.12 03:40 B C:\xampp\htdocs\nuevoclock\public\icons\WS_FTP.LOG --> ftp.nuevoclock.com /www.nuevoclock.com/nuevoclock/public/icons WS_FTP.LOG
2025.11.21 00:25 B C:\Users\pc\Desktop\editor_de_texto\icons\WS_FTP.LOG <-- nuevoclock /www.nuevoclock.com/nuevoclock/public/icons WS_FTP.LOG
